{"/private/tmp/titan-refactor01/services/document-service.ts": {"path":"/private/tmp/titan-refactor01/services/document-service.ts","statementMap":{"0":{"start":{"line":2,"column":0},"end":{"line":2,"column":58}},"1":{"start":{"line":26,"column":31},"end":{"line":26,"column":51}},"2":{"start":{"line":29,"column":4},"end":{"line":45,"column":7}},"3":{"start":{"line":49,"column":16},"end":{"line":58,"column":6}},"4":{"start":{"line":60,"column":4},"end":{"line":60,"column":67}},"5":{"start":{"line":60,"column":14},"end":{"line":60,"column":67}},"6":{"start":{"line":61,"column":4},"end":{"line":61,"column":15}},"7":{"start":{"line":65,"column":4},"end":{"line":67,"column":5}},"8":{"start":{"line":66,"column":6},"end":{"line":66,"column":41}},"9":{"start":{"line":68,"column":4},"end":{"line":70,"column":5}},"10":{"start":{"line":69,"column":6},"end":{"line":69,"column":44}},"11":{"start":{"line":72,"column":4},"end":{"line":84,"column":7}},"12":{"start":{"line":88,"column":21},"end":{"line":88,"column":77}},"13":{"start":{"line":89,"column":4},"end":{"line":89,"column":72}},"14":{"start":{"line":89,"column":19},"end":{"line":89,"column":72}},"15":{"start":{"line":92,"column":4},"end":{"line":101,"column":5}},"16":{"start":{"line":93,"column":6},"end":{"line":100,"column":9}},"17":{"start":{"line":103,"column":45},"end":{"line":105,"column":6}},"18":{"start":{"line":106,"column":4},"end":{"line":106,"column":63}},"19":{"start":{"line":106,"column":35},"end":{"line":106,"column":63}},"20":{"start":{"line":107,"column":4},"end":{"line":110,"column":5}},"21":{"start":{"line":108,"column":6},"end":{"line":108,"column":38}},"22":{"start":{"line":109,"column":6},"end":{"line":109,"column":45}},"23":{"start":{"line":111,"column":4},"end":{"line":111,"column":60}},"24":{"start":{"line":111,"column":34},"end":{"line":111,"column":60}},"25":{"start":{"line":113,"column":4},"end":{"line":120,"column":7}},"26":{"start":{"line":124,"column":16},"end":{"line":124,"column":72}},"27":{"start":{"line":125,"column":4},"end":{"line":125,"column":67}},"28":{"start":{"line":125,"column":14},"end":{"line":125,"column":67}},"29":{"start":{"line":127,"column":4},"end":{"line":127,"column":58}},"30":{"start":{"line":25,"column":0},"end":{"line":25,"column":13}}},"fnMap":{"0":{"name":"(anonymous_0)","decl":{"start":{"line":26,"column":2},"end":{"line":26,"column":31}},"loc":{"start":{"line":26,"column":51},"end":{"line":26,"column":55}}},"1":{"name":"(anonymous_1)","decl":{"start":{"line":28,"column":2},"end":{"line":28,"column":7}},"loc":{"start":{"line":28,"column":49},"end":{"line":46,"column":3}}},"2":{"name":"(anonymous_2)","decl":{"start":{"line":48,"column":2},"end":{"line":48,"column":7}},"loc":{"start":{"line":48,"column":30},"end":{"line":62,"column":3}}},"3":{"name":"(anonymous_3)","decl":{"start":{"line":64,"column":2},"end":{"line":64,"column":7}},"loc":{"start":{"line":64,"column":49},"end":{"line":85,"column":3}}},"4":{"name":"(anonymous_4)","decl":{"start":{"line":87,"column":2},"end":{"line":87,"column":7}},"loc":{"start":{"line":87,"column":61},"end":{"line":121,"column":3}}},"5":{"name":"(anonymous_5)","decl":{"start":{"line":123,"column":2},"end":{"line":123,"column":7}},"loc":{"start":{"line":123,"column":33},"end":{"line":128,"column":3}}}},"branchMap":{"0":{"loc":{"start":{"line":31,"column":12},"end":{"line":31,"column":74}},"type":"binary-expr","locations":[{"start":{"line":31,"column":12},"end":{"line":31,"column":41}},{"start":{"line":31,"column":45},"end":{"line":31,"column":74}}]},"1":{"loc":{"start":{"line":32,"column":12},"end":{"line":37,"column":10}},"type":"binary-expr","locations":[{"start":{"line":32,"column":12},"end":{"line":32,"column":25}},{"start":{"line":32,"column":29},"end":{"line":37,"column":10}}]},"2":{"loc":{"start":{"line":60,"column":4},"end":{"line":60,"column":67}},"type":"if","locations":[{"start":{"line":60,"column":4},"end":{"line":60,"column":67}},{"start":{},"end":{}}]},"3":{"loc":{"start":{"line":65,"column":4},"end":{"line":67,"column":5}},"type":"if","locations":[{"start":{"line":65,"column":4},"end":{"line":67,"column":5}},{"start":{},"end":{}}]},"4":{"loc":{"start":{"line":65,"column":9},"end":{"line":65,"column":28}},"type":"cond-expr","locations":[{"start":{"line":65,"column":20},"end":{"line":65,"column":22}},{"start":{"line":65,"column":20},"end":{"line":65,"column":28}}]},"5":{"loc":{"start":{"line":65,"column":9},"end":{"line":65,"column":22}},"type":"binary-expr","locations":[{"start":{"line":65,"column":9},"end":{"line":65,"column":22}},{"start":{"line":65,"column":20},"end":{"line":65,"column":22}}]},"6":{"loc":{"start":{"line":68,"column":4},"end":{"line":70,"column":5}},"type":"if","locations":[{"start":{"line":68,"column":4},"end":{"line":70,"column":5}},{"start":{},"end":{}}]},"7":{"loc":{"start":{"line":68,"column":9},"end":{"line":68,"column":27}},"type":"cond-expr","locations":[{"start":{"line":68,"column":19},"end":{"line":68,"column":21}},{"start":{"line":68,"column":19},"end":{"line":68,"column":27}}]},"8":{"loc":{"start":{"line":68,"column":9},"end":{"line":68,"column":21}},"type":"binary-expr","locations":[{"start":{"line":68,"column":9},"end":{"line":68,"column":21}},{"start":{"line":68,"column":19},"end":{"line":68,"column":21}}]},"9":{"loc":{"start":{"line":74,"column":18},"end":{"line":74,"column":40}},"type":"cond-expr","locations":[{"start":{"line":74,"column":32},"end":{"line":74,"column":36}},{"start":{"line":74,"column":36},"end":{"line":74,"column":40}}]},"10":{"loc":{"start":{"line":74,"column":18},"end":{"line":74,"column":36}},"type":"binary-expr","locations":[{"start":{"line":74,"column":18},"end":{"line":74,"column":36}},{"start":{"line":74,"column":32},"end":{"line":74,"column":36}}]},"11":{"loc":{"start":{"line":89,"column":4},"end":{"line":89,"column":72}},"type":"if","locations":[{"start":{"line":89,"column":4},"end":{"line":89,"column":72}},{"start":{},"end":{}}]},"12":{"loc":{"start":{"line":92,"column":4},"end":{"line":101,"column":5}},"type":"if","locations":[{"start":{"line":92,"column":4},"end":{"line":101,"column":5}},{"start":{},"end":{}}]},"13":{"loc":{"start":{"line":92,"column":8},"end":{"line":92,"column":73}},"type":"binary-expr","locations":[{"start":{"line":92,"column":8},"end":{"line":92,"column":35}},{"start":{"line":92,"column":39},"end":{"line":92,"column":73}}]},"14":{"loc":{"start":{"line":106,"column":4},"end":{"line":106,"column":63}},"type":"if","locations":[{"start":{"line":106,"column":4},"end":{"line":106,"column":63}},{"start":{},"end":{}}]},"15":{"loc":{"start":{"line":107,"column":4},"end":{"line":110,"column":5}},"type":"if","locations":[{"start":{"line":107,"column":4},"end":{"line":110,"column":5}},{"start":{},"end":{}}]},"16":{"loc":{"start":{"line":111,"column":4},"end":{"line":111,"column":60}},"type":"if","locations":[{"start":{"line":111,"column":4},"end":{"line":111,"column":60}},{"start":{},"end":{}}]},"17":{"loc":{"start":{"line":125,"column":4},"end":{"line":125,"column":67}},"type":"if","locations":[{"start":{"line":125,"column":4},"end":{"line":125,"column":67}},{"start":{},"end":{}}]}},"s":{"0":1,"1":5,"2":1,"3":1,"4":1,"5":1,"6":0,"7":1,"8":1,"9":0,"10":0,"11":0,"12":1,"13":1,"14":0,"15":1,"16":1,"17":1,"18":1,"19":0,"20":1,"21":1,"22":1,"23":1,"24":0,"25":1,"26":1,"27":1,"28":0,"29":1,"30":1},"f":{"0":5,"1":1,"2":1,"3":1,"4":1,"5":1},"b":{"0":[1,0],"1":[1,0],"2":[1,0],"3":[1,0],"4":[0,1],"5":[1,1],"6":[0,0],"7":[0,0],"8":[0,0],"9":[0,0],"10":[0,0],"11":[0,1],"12":[1,0],"13":[1,1],"14":[0,1],"15":[1,0],"16":[0,1],"17":[0,1]}}
,"/private/tmp/titan-refactor01/services/errors.ts": {"path":"/private/tmp/titan-refactor01/services/errors.ts","statementMap":{"0":{"start":{"line":3,"column":4},"end":{"line":3,"column":19}},"1":{"start":{"line":4,"column":4},"end":{"line":4,"column":32}},"2":{"start":{"line":1,"column":0},"end":{"line":1,"column":13}},"3":{"start":{"line":10,"column":4},"end":{"line":10,"column":19}},"4":{"start":{"line":11,"column":4},"end":{"line":11,"column":34}},"5":{"start":{"line":8,"column":0},"end":{"line":8,"column":13}},"6":{"start":{"line":17,"column":4},"end":{"line":17,"column":19}},"7":{"start":{"line":18,"column":4},"end":{"line":18,"column":36}},"8":{"start":{"line":15,"column":0},"end":{"line":15,"column":13}},"9":{"start":{"line":24,"column":4},"end":{"line":24,"column":19}},"10":{"start":{"line":25,"column":4},"end":{"line":25,"column":33}},"11":{"start":{"line":22,"column":0},"end":{"line":22,"column":13}}},"fnMap":{"0":{"name":"(anonymous_0)","decl":{"start":{"line":2,"column":2},"end":{"line":2,"column":14}},"loc":{"start":{"line":2,"column":29},"end":{"line":5,"column":3}}},"1":{"name":"(anonymous_1)","decl":{"start":{"line":9,"column":2},"end":{"line":9,"column":14}},"loc":{"start":{"line":9,"column":29},"end":{"line":12,"column":3}}},"2":{"name":"(anonymous_2)","decl":{"start":{"line":16,"column":2},"end":{"line":16,"column":14}},"loc":{"start":{"line":16,"column":37},"end":{"line":19,"column":3}}},"3":{"name":"(anonymous_3)","decl":{"start":{"line":23,"column":2},"end":{"line":23,"column":14}},"loc":{"start":{"line":23,"column":38},"end":{"line":26,"column":3}}}},"branchMap":{"0":{"loc":{"start":{"line":16,"column":14},"end":{"line":16,"column":37}},"type":"default-arg","locations":[{"start":{"line":16,"column":32},"end":{"line":16,"column":37}}]},"1":{"loc":{"start":{"line":23,"column":14},"end":{"line":23,"column":38}},"type":"default-arg","locations":[{"start":{"line":23,"column":32},"end":{"line":23,"column":38}}]}},"s":{"0":7,"1":7,"2":7,"3":11,"4":11,"5":7,"6":0,"7":0,"8":7,"9":0,"10":0,"11":7},"f":{"0":7,"1":11,"2":0,"3":0},"b":{"0":[0],"1":[0]}}
,"/private/tmp/titan-refactor01/services/goal-service.ts": {"path":"/private/tmp/titan-refactor01/services/goal-service.ts","statementMap":{"0":{"start":{"line":2,"column":0},"end":{"line":2,"column":58}},"1":{"start":{"line":24,"column":31},"end":{"line":24,"column":51}},"2":{"start":{"line":27,"column":4},"end":{"line":38,"column":7}},"3":{"start":{"line":42,"column":17},"end":{"line":53,"column":6}},"4":{"start":{"line":55,"column":4},"end":{"line":55,"column":64}},"5":{"start":{"line":55,"column":15},"end":{"line":55,"column":64}},"6":{"start":{"line":56,"column":4},"end":{"line":56,"column":16}},"7":{"start":{"line":60,"column":4},"end":{"line":62,"column":5}},"8":{"start":{"line":61,"column":6},"end":{"line":61,"column":43}},"9":{"start":{"line":63,"column":4},"end":{"line":65,"column":5}},"10":{"start":{"line":64,"column":6},"end":{"line":64,"column":47}},"11":{"start":{"line":66,"column":4},"end":{"line":68,"column":5}},"12":{"start":{"line":67,"column":6},"end":{"line":67,"column":41}},"13":{"start":{"line":70,"column":4},"end":{"line":81,"column":7}},"14":{"start":{"line":85,"column":21},"end":{"line":85,"column":80}},"15":{"start":{"line":86,"column":4},"end":{"line":86,"column":68}},"16":{"start":{"line":86,"column":19},"end":{"line":86,"column":68}},"17":{"start":{"line":88,"column":45},"end":{"line":88,"column":47}},"18":{"start":{"line":89,"column":4},"end":{"line":89,"column":63}},"19":{"start":{"line":89,"column":35},"end":{"line":89,"column":63}},"20":{"start":{"line":90,"column":4},"end":{"line":90,"column":81}},"21":{"start":{"line":90,"column":41},"end":{"line":90,"column":81}},"22":{"start":{"line":91,"column":4},"end":{"line":91,"column":66}},"23":{"start":{"line":91,"column":36},"end":{"line":91,"column":66}},"24":{"start":{"line":92,"column":4},"end":{"line":92,"column":81}},"25":{"start":{"line":92,"column":41},"end":{"line":92,"column":81}},"26":{"start":{"line":94,"column":4},"end":{"line":100,"column":7}},"27":{"start":{"line":104,"column":17},"end":{"line":104,"column":76}},"28":{"start":{"line":105,"column":4},"end":{"line":105,"column":64}},"29":{"start":{"line":105,"column":15},"end":{"line":105,"column":64}},"30":{"start":{"line":107,"column":4},"end":{"line":107,"column":61}},"31":{"start":{"line":23,"column":0},"end":{"line":23,"column":13}}},"fnMap":{"0":{"name":"(anonymous_0)","decl":{"start":{"line":24,"column":2},"end":{"line":24,"column":31}},"loc":{"start":{"line":24,"column":51},"end":{"line":24,"column":55}}},"1":{"name":"(anonymous_1)","decl":{"start":{"line":26,"column":2},"end":{"line":26,"column":7}},"loc":{"start":{"line":26,"column":41},"end":{"line":39,"column":3}}},"2":{"name":"(anonymous_2)","decl":{"start":{"line":41,"column":2},"end":{"line":41,"column":7}},"loc":{"start":{"line":41,"column":26},"end":{"line":57,"column":3}}},"3":{"name":"(anonymous_3)","decl":{"start":{"line":59,"column":2},"end":{"line":59,"column":7}},"loc":{"start":{"line":59,"column":41},"end":{"line":82,"column":3}}},"4":{"name":"(anonymous_4)","decl":{"start":{"line":84,"column":2},"end":{"line":84,"column":7}},"loc":{"start":{"line":84,"column":53},"end":{"line":101,"column":3}}},"5":{"name":"(anonymous_5)","decl":{"start":{"line":103,"column":2},"end":{"line":103,"column":7}},"loc":{"start":{"line":103,"column":29},"end":{"line":108,"column":3}}}},"branchMap":{"0":{"loc":{"start":{"line":29,"column":12},"end":{"line":29,"column":60}},"type":"binary-expr","locations":[{"start":{"line":29,"column":12},"end":{"line":29,"column":25}},{"start":{"line":29,"column":29},"end":{"line":29,"column":60}}]},"1":{"loc":{"start":{"line":30,"column":12},"end":{"line":30,"column":51}},"type":"binary-expr","locations":[{"start":{"line":30,"column":12},"end":{"line":30,"column":24}},{"start":{"line":30,"column":28},"end":{"line":30,"column":51}}]},"2":{"loc":{"start":{"line":55,"column":4},"end":{"line":55,"column":64}},"type":"if","locations":[{"start":{"line":55,"column":4},"end":{"line":55,"column":64}},{"start":{},"end":{}}]},"3":{"loc":{"start":{"line":60,"column":4},"end":{"line":62,"column":5}},"type":"if","locations":[{"start":{"line":60,"column":4},"end":{"line":62,"column":5}},{"start":{},"end":{}}]},"4":{"loc":{"start":{"line":60,"column":9},"end":{"line":60,"column":35}},"type":"cond-expr","locations":[{"start":{"line":60,"column":27},"end":{"line":60,"column":29}},{"start":{"line":60,"column":27},"end":{"line":60,"column":35}}]},"5":{"loc":{"start":{"line":60,"column":9},"end":{"line":60,"column":29}},"type":"binary-expr","locations":[{"start":{"line":60,"column":9},"end":{"line":60,"column":29}},{"start":{"line":60,"column":27},"end":{"line":60,"column":29}}]},"6":{"loc":{"start":{"line":63,"column":4},"end":{"line":65,"column":5}},"type":"if","locations":[{"start":{"line":63,"column":4},"end":{"line":65,"column":5}},{"start":{},"end":{}}]},"7":{"loc":{"start":{"line":63,"column":8},"end":{"line":63,"column":59}},"type":"binary-expr","locations":[{"start":{"line":63,"column":8},"end":{"line":63,"column":20}},{"start":{"line":63,"column":24},"end":{"line":63,"column":39}},{"start":{"line":63,"column":43},"end":{"line":63,"column":59}}]},"8":{"loc":{"start":{"line":66,"column":4},"end":{"line":68,"column":5}},"type":"if","locations":[{"start":{"line":66,"column":4},"end":{"line":68,"column":5}},{"start":{},"end":{}}]},"9":{"loc":{"start":{"line":66,"column":9},"end":{"line":66,"column":28}},"type":"cond-expr","locations":[{"start":{"line":66,"column":20},"end":{"line":66,"column":22}},{"start":{"line":66,"column":20},"end":{"line":66,"column":28}}]},"10":{"loc":{"start":{"line":66,"column":9},"end":{"line":66,"column":22}},"type":"binary-expr","locations":[{"start":{"line":66,"column":9},"end":{"line":66,"column":22}},{"start":{"line":66,"column":20},"end":{"line":66,"column":22}}]},"11":{"loc":{"start":{"line":75,"column":21},"end":{"line":75,"column":46}},"type":"cond-expr","locations":[{"start":{"line":75,"column":38},"end":{"line":75,"column":42}},{"start":{"line":75,"column":42},"end":{"line":75,"column":46}}]},"12":{"loc":{"start":{"line":75,"column":21},"end":{"line":75,"column":42}},"type":"binary-expr","locations":[{"start":{"line":75,"column":21},"end":{"line":75,"column":42}},{"start":{"line":75,"column":38},"end":{"line":75,"column":42}}]},"13":{"loc":{"start":{"line":86,"column":4},"end":{"line":86,"column":68}},"type":"if","locations":[{"start":{"line":86,"column":4},"end":{"line":86,"column":68}},{"start":{},"end":{}}]},"14":{"loc":{"start":{"line":89,"column":4},"end":{"line":89,"column":63}},"type":"if","locations":[{"start":{"line":89,"column":4},"end":{"line":89,"column":63}},{"start":{},"end":{}}]},"15":{"loc":{"start":{"line":90,"column":4},"end":{"line":90,"column":81}},"type":"if","locations":[{"start":{"line":90,"column":4},"end":{"line":90,"column":81}},{"start":{},"end":{}}]},"16":{"loc":{"start":{"line":91,"column":4},"end":{"line":91,"column":66}},"type":"if","locations":[{"start":{"line":91,"column":4},"end":{"line":91,"column":66}},{"start":{},"end":{}}]},"17":{"loc":{"start":{"line":92,"column":4},"end":{"line":92,"column":81}},"type":"if","locations":[{"start":{"line":92,"column":4},"end":{"line":92,"column":81}},{"start":{},"end":{}}]},"18":{"loc":{"start":{"line":105,"column":4},"end":{"line":105,"column":64}},"type":"if","locations":[{"start":{"line":105,"column":4},"end":{"line":105,"column":64}},{"start":{},"end":{}}]}},"s":{"0":1,"1":5,"2":1,"3":1,"4":1,"5":0,"6":1,"7":2,"8":1,"9":1,"10":1,"11":0,"12":0,"13":0,"14":1,"15":1,"16":1,"17":0,"18":0,"19":0,"20":0,"21":0,"22":0,"23":0,"24":0,"25":0,"26":0,"27":1,"28":1,"29":0,"30":1,"31":1},"f":{"0":5,"1":1,"2":1,"3":2,"4":1,"5":1},"b":{"0":[1,1],"1":[1,0],"2":[0,1],"3":[1,1],"4":[0,2],"5":[2,2],"6":[1,0],"7":[1,0,0],"8":[0,0],"9":[0,0],"10":[0,0],"11":[0,0],"12":[0,0],"13":[1,0],"14":[0,0],"15":[0,0],"16":[0,0],"17":[0,0],"18":[0,1]}}
,"/private/tmp/titan-refactor01/services/kpi-service.ts": {"path":"/private/tmp/titan-refactor01/services/kpi-service.ts","statementMap":{"0":{"start":{"line":2,"column":0},"end":{"line":2,"column":58}},"1":{"start":{"line":30,"column":31},"end":{"line":30,"column":51}},"2":{"start":{"line":33,"column":17},"end":{"line":33,"column":56}},"3":{"start":{"line":34,"column":4},"end":{"line":54,"column":7}},"4":{"start":{"line":58,"column":16},"end":{"line":76,"column":6}},"5":{"start":{"line":78,"column":4},"end":{"line":78,"column":62}},"6":{"start":{"line":78,"column":14},"end":{"line":78,"column":62}},"7":{"start":{"line":79,"column":4},"end":{"line":79,"column":15}},"8":{"start":{"line":83,"column":4},"end":{"line":85,"column":5}},"9":{"start":{"line":84,"column":6},"end":{"line":84,"column":41}},"10":{"start":{"line":86,"column":4},"end":{"line":88,"column":5}},"11":{"start":{"line":87,"column":6},"end":{"line":87,"column":42}},"12":{"start":{"line":90,"column":4},"end":{"line":101,"column":7}},"13":{"start":{"line":105,"column":21},"end":{"line":105,"column":72}},"14":{"start":{"line":106,"column":4},"end":{"line":106,"column":67}},"15":{"start":{"line":106,"column":19},"end":{"line":106,"column":67}},"16":{"start":{"line":108,"column":45},"end":{"line":108,"column":47}},"17":{"start":{"line":109,"column":4},"end":{"line":109,"column":63}},"18":{"start":{"line":109,"column":35},"end":{"line":109,"column":63}},"19":{"start":{"line":110,"column":4},"end":{"line":110,"column":81}},"20":{"start":{"line":110,"column":41},"end":{"line":110,"column":81}},"21":{"start":{"line":111,"column":4},"end":{"line":111,"column":66}},"22":{"start":{"line":111,"column":36},"end":{"line":111,"column":66}},"23":{"start":{"line":112,"column":4},"end":{"line":112,"column":66}},"24":{"start":{"line":112,"column":36},"end":{"line":112,"column":66}},"25":{"start":{"line":113,"column":4},"end":{"line":113,"column":66}},"26":{"start":{"line":113,"column":36},"end":{"line":113,"column":66}},"27":{"start":{"line":114,"column":4},"end":{"line":114,"column":66}},"28":{"start":{"line":114,"column":36},"end":{"line":114,"column":66}},"29":{"start":{"line":115,"column":4},"end":{"line":115,"column":72}},"30":{"start":{"line":115,"column":38},"end":{"line":115,"column":72}},"31":{"start":{"line":117,"column":4},"end":{"line":117,"column":68}},"32":{"start":{"line":121,"column":4},"end":{"line":123,"column":7}},"33":{"start":{"line":127,"column":4},"end":{"line":129,"column":7}},"34":{"start":{"line":133,"column":16},"end":{"line":142,"column":6}},"35":{"start":{"line":144,"column":4},"end":{"line":144,"column":65}},"36":{"start":{"line":144,"column":14},"end":{"line":144,"column":65}},"37":{"start":{"line":146,"column":18},"end":{"line":146,"column":31}},"38":{"start":{"line":147,"column":17},"end":{"line":147,"column":18}},"39":{"start":{"line":148,"column":4},"end":{"line":155,"column":5}},"40":{"start":{"line":149,"column":26},"end":{"line":149,"column":69}},"41":{"start":{"line":149,"column":51},"end":{"line":149,"column":65}},"42":{"start":{"line":150,"column":26},"end":{"line":152,"column":null}},"43":{"start":{"line":151,"column":20},"end":{"line":151,"column":55}},"44":{"start":{"line":154,"column":6},"end":{"line":154,"column":63}},"45":{"start":{"line":157,"column":4},"end":{"line":160,"column":7}},"46":{"start":{"line":29,"column":0},"end":{"line":29,"column":13}}},"fnMap":{"0":{"name":"(anonymous_0)","decl":{"start":{"line":30,"column":2},"end":{"line":30,"column":31}},"loc":{"start":{"line":30,"column":51},"end":{"line":30,"column":55}}},"1":{"name":"(anonymous_1)","decl":{"start":{"line":32,"column":2},"end":{"line":32,"column":7}},"loc":{"start":{"line":32,"column":39},"end":{"line":55,"column":3}}},"2":{"name":"(anonymous_2)","decl":{"start":{"line":57,"column":2},"end":{"line":57,"column":7}},"loc":{"start":{"line":57,"column":25},"end":{"line":80,"column":3}}},"3":{"name":"(anonymous_3)","decl":{"start":{"line":82,"column":2},"end":{"line":82,"column":7}},"loc":{"start":{"line":82,"column":39},"end":{"line":102,"column":3}}},"4":{"name":"(anonymous_4)","decl":{"start":{"line":104,"column":2},"end":{"line":104,"column":7}},"loc":{"start":{"line":104,"column":51},"end":{"line":118,"column":3}}},"5":{"name":"(anonymous_5)","decl":{"start":{"line":120,"column":2},"end":{"line":120,"column":7}},"loc":{"start":{"line":120,"column":58},"end":{"line":124,"column":3}}},"6":{"name":"(anonymous_6)","decl":{"start":{"line":126,"column":2},"end":{"line":126,"column":7}},"loc":{"start":{"line":126,"column":48},"end":{"line":130,"column":3}}},"7":{"name":"(anonymous_7)","decl":{"start":{"line":132,"column":2},"end":{"line":132,"column":7}},"loc":{"start":{"line":132,"column":42},"end":{"line":161,"column":3}}},"8":{"name":"(anonymous_8)","decl":{"start":{"line":149,"column":39},"end":{"line":149,"column":40}},"loc":{"start":{"line":149,"column":51},"end":{"line":149,"column":65}}},"9":{"name":"(anonymous_9)","decl":{"start":{"line":151,"column":8},"end":{"line":151,"column":9}},"loc":{"start":{"line":151,"column":20},"end":{"line":151,"column":55}}}},"branchMap":{"0":{"loc":{"start":{"line":33,"column":17},"end":{"line":33,"column":56}},"type":"cond-expr","locations":[{"start":{"line":33,"column":28},"end":{"line":33,"column":32}},{"start":{"line":33,"column":32},"end":{"line":33,"column":56}}]},"1":{"loc":{"start":{"line":33,"column":17},"end":{"line":33,"column":32}},"type":"binary-expr","locations":[{"start":{"line":33,"column":17},"end":{"line":33,"column":32}},{"start":{"line":33,"column":28},"end":{"line":33,"column":32}}]},"2":{"loc":{"start":{"line":78,"column":4},"end":{"line":78,"column":62}},"type":"if","locations":[{"start":{"line":78,"column":4},"end":{"line":78,"column":62}},{"start":{},"end":{}}]},"3":{"loc":{"start":{"line":83,"column":4},"end":{"line":85,"column":5}},"type":"if","locations":[{"start":{"line":83,"column":4},"end":{"line":85,"column":5}},{"start":{},"end":{}}]},"4":{"loc":{"start":{"line":83,"column":9},"end":{"line":83,"column":28}},"type":"cond-expr","locations":[{"start":{"line":83,"column":20},"end":{"line":83,"column":22}},{"start":{"line":83,"column":20},"end":{"line":83,"column":28}}]},"5":{"loc":{"start":{"line":83,"column":9},"end":{"line":83,"column":22}},"type":"binary-expr","locations":[{"start":{"line":83,"column":9},"end":{"line":83,"column":22}},{"start":{"line":83,"column":20},"end":{"line":83,"column":22}}]},"6":{"loc":{"start":{"line":86,"column":4},"end":{"line":88,"column":5}},"type":"if","locations":[{"start":{"line":86,"column":4},"end":{"line":88,"column":5}},{"start":{},"end":{}}]},"7":{"loc":{"start":{"line":95,"column":21},"end":{"line":95,"column":46}},"type":"cond-expr","locations":[{"start":{"line":95,"column":38},"end":{"line":95,"column":42}},{"start":{"line":95,"column":42},"end":{"line":95,"column":46}}]},"8":{"loc":{"start":{"line":95,"column":21},"end":{"line":95,"column":42}},"type":"binary-expr","locations":[{"start":{"line":95,"column":21},"end":{"line":95,"column":42}},{"start":{"line":95,"column":38},"end":{"line":95,"column":42}}]},"9":{"loc":{"start":{"line":97,"column":16},"end":{"line":97,"column":33}},"type":"cond-expr","locations":[{"start":{"line":97,"column":28},"end":{"line":97,"column":32}},{"start":{"line":97,"column":32},"end":{"line":97,"column":33}}]},"10":{"loc":{"start":{"line":97,"column":16},"end":{"line":97,"column":32}},"type":"binary-expr","locations":[{"start":{"line":97,"column":16},"end":{"line":97,"column":32}},{"start":{"line":97,"column":28},"end":{"line":97,"column":32}}]},"11":{"loc":{"start":{"line":98,"column":18},"end":{"line":98,"column":41}},"type":"cond-expr","locations":[{"start":{"line":98,"column":32},"end":{"line":98,"column":36}},{"start":{"line":98,"column":36},"end":{"line":98,"column":41}}]},"12":{"loc":{"start":{"line":98,"column":18},"end":{"line":98,"column":36}},"type":"binary-expr","locations":[{"start":{"line":98,"column":18},"end":{"line":98,"column":36}},{"start":{"line":98,"column":32},"end":{"line":98,"column":36}}]},"13":{"loc":{"start":{"line":106,"column":4},"end":{"line":106,"column":67}},"type":"if","locations":[{"start":{"line":106,"column":4},"end":{"line":106,"column":67}},{"start":{},"end":{}}]},"14":{"loc":{"start":{"line":109,"column":4},"end":{"line":109,"column":63}},"type":"if","locations":[{"start":{"line":109,"column":4},"end":{"line":109,"column":63}},{"start":{},"end":{}}]},"15":{"loc":{"start":{"line":110,"column":4},"end":{"line":110,"column":81}},"type":"if","locations":[{"start":{"line":110,"column":4},"end":{"line":110,"column":81}},{"start":{},"end":{}}]},"16":{"loc":{"start":{"line":111,"column":4},"end":{"line":111,"column":66}},"type":"if","locations":[{"start":{"line":111,"column":4},"end":{"line":111,"column":66}},{"start":{},"end":{}}]},"17":{"loc":{"start":{"line":112,"column":4},"end":{"line":112,"column":66}},"type":"if","locations":[{"start":{"line":112,"column":4},"end":{"line":112,"column":66}},{"start":{},"end":{}}]},"18":{"loc":{"start":{"line":113,"column":4},"end":{"line":113,"column":66}},"type":"if","locations":[{"start":{"line":113,"column":4},"end":{"line":113,"column":66}},{"start":{},"end":{}}]},"19":{"loc":{"start":{"line":114,"column":4},"end":{"line":114,"column":66}},"type":"if","locations":[{"start":{"line":114,"column":4},"end":{"line":114,"column":66}},{"start":{},"end":{}}]},"20":{"loc":{"start":{"line":115,"column":4},"end":{"line":115,"column":72}},"type":"if","locations":[{"start":{"line":115,"column":4},"end":{"line":115,"column":72}},{"start":{},"end":{}}]},"21":{"loc":{"start":{"line":120,"column":48},"end":{"line":120,"column":58}},"type":"default-arg","locations":[{"start":{"line":120,"column":57},"end":{"line":120,"column":58}}]},"22":{"loc":{"start":{"line":144,"column":4},"end":{"line":144,"column":65}},"type":"if","locations":[{"start":{"line":144,"column":4},"end":{"line":144,"column":65}},{"start":{},"end":{}}]},"23":{"loc":{"start":{"line":148,"column":4},"end":{"line":155,"column":5}},"type":"if","locations":[{"start":{"line":148,"column":4},"end":{"line":155,"column":5}},{"start":{},"end":{}}]},"24":{"loc":{"start":{"line":154,"column":15},"end":{"line":154,"column":62}},"type":"cond-expr","locations":[{"start":{"line":154,"column":33},"end":{"line":154,"column":58}},{"start":{"line":154,"column":61},"end":{"line":154,"column":62}}]}},"s":{"0":1,"1":5,"2":1,"3":1,"4":0,"5":0,"6":0,"7":0,"8":2,"9":1,"10":1,"11":1,"12":0,"13":0,"14":0,"15":0,"16":0,"17":0,"18":0,"19":0,"20":0,"21":0,"22":0,"23":0,"24":0,"25":0,"26":0,"27":0,"28":0,"29":0,"30":0,"31":0,"32":1,"33":1,"34":1,"35":1,"36":0,"37":1,"38":1,"39":1,"40":1,"41":2,"42":1,"43":2,"44":1,"45":1,"46":1},"f":{"0":5,"1":1,"2":0,"3":2,"4":0,"5":1,"6":1,"7":1,"8":2,"9":2},"b":{"0":[1,0],"1":[1,1],"2":[0,0],"3":[1,1],"4":[0,2],"5":[2,2],"6":[1,0],"7":[0,0],"8":[0,0],"9":[0,0],"10":[0,0],"11":[0,0],"12":[0,0],"13":[0,0],"14":[0,0],"15":[0,0],"16":[0,0],"17":[0,0],"18":[0,0],"19":[0,0],"20":[0,0],"21":[1],"22":[0,1],"23":[1,0],"24":[1,0]}}
,"/private/tmp/titan-refactor01/services/plan-service.ts": {"path":"/private/tmp/titan-refactor01/services/plan-service.ts","statementMap":{"0":{"start":{"line":2,"column":0},"end":{"line":2,"column":58}},"1":{"start":{"line":33,"column":31},"end":{"line":33,"column":51}},"2":{"start":{"line":36,"column":4},"end":{"line":48,"column":7}},"3":{"start":{"line":52,"column":17},"end":{"line":66,"column":6}},"4":{"start":{"line":68,"column":4},"end":{"line":68,"column":64}},"5":{"start":{"line":68,"column":15},"end":{"line":68,"column":64}},"6":{"start":{"line":69,"column":4},"end":{"line":69,"column":16}},"7":{"start":{"line":73,"column":4},"end":{"line":75,"column":5}},"8":{"start":{"line":74,"column":6},"end":{"line":74,"column":41}},"9":{"start":{"line":76,"column":4},"end":{"line":78,"column":5}},"10":{"start":{"line":77,"column":6},"end":{"line":77,"column":41}},"11":{"start":{"line":80,"column":4},"end":{"line":103,"column":7}},"12":{"start":{"line":89,"column":53},"end":{"line":95,"column":17}},"13":{"start":{"line":107,"column":21},"end":{"line":107,"column":79}},"14":{"start":{"line":108,"column":4},"end":{"line":108,"column":68}},"15":{"start":{"line":108,"column":19},"end":{"line":108,"column":68}},"16":{"start":{"line":110,"column":45},"end":{"line":110,"column":47}},"17":{"start":{"line":111,"column":4},"end":{"line":111,"column":63}},"18":{"start":{"line":111,"column":35},"end":{"line":111,"column":63}},"19":{"start":{"line":112,"column":4},"end":{"line":112,"column":81}},"20":{"start":{"line":112,"column":41},"end":{"line":112,"column":81}},"21":{"start":{"line":113,"column":4},"end":{"line":113,"column":102}},"22":{"start":{"line":113,"column":48},"end":{"line":113,"column":102}},"23":{"start":{"line":114,"column":4},"end":{"line":114,"column":81}},"24":{"start":{"line":114,"column":41},"end":{"line":114,"column":81}},"25":{"start":{"line":116,"column":4},"end":{"line":123,"column":7}},"26":{"start":{"line":127,"column":17},"end":{"line":127,"column":75}},"27":{"start":{"line":128,"column":4},"end":{"line":128,"column":64}},"28":{"start":{"line":128,"column":15},"end":{"line":128,"column":64}},"29":{"start":{"line":130,"column":4},"end":{"line":130,"column":60}},"30":{"start":{"line":32,"column":0},"end":{"line":32,"column":13}}},"fnMap":{"0":{"name":"(anonymous_0)","decl":{"start":{"line":33,"column":2},"end":{"line":33,"column":31}},"loc":{"start":{"line":33,"column":51},"end":{"line":33,"column":55}}},"1":{"name":"(anonymous_1)","decl":{"start":{"line":35,"column":2},"end":{"line":35,"column":7}},"loc":{"start":{"line":35,"column":41},"end":{"line":49,"column":3}}},"2":{"name":"(anonymous_2)","decl":{"start":{"line":51,"column":2},"end":{"line":51,"column":7}},"loc":{"start":{"line":51,"column":26},"end":{"line":70,"column":3}}},"3":{"name":"(anonymous_3)","decl":{"start":{"line":72,"column":2},"end":{"line":72,"column":7}},"loc":{"start":{"line":72,"column":41},"end":{"line":104,"column":3}}},"4":{"name":"(anonymous_4)","decl":{"start":{"line":89,"column":43},"end":{"line":89,"column":44}},"loc":{"start":{"line":89,"column":52},"end":{"line":95,"column":17}}},"5":{"name":"(anonymous_5)","decl":{"start":{"line":106,"column":2},"end":{"line":106,"column":7}},"loc":{"start":{"line":106,"column":53},"end":{"line":124,"column":3}}},"6":{"name":"(anonymous_6)","decl":{"start":{"line":126,"column":2},"end":{"line":126,"column":7}},"loc":{"start":{"line":126,"column":29},"end":{"line":131,"column":3}}}},"branchMap":{"0":{"loc":{"start":{"line":37,"column":13},"end":{"line":37,"column":60}},"type":"cond-expr","locations":[{"start":{"line":37,"column":27},"end":{"line":37,"column":48}},{"start":{"line":37,"column":51},"end":{"line":37,"column":60}}]},"1":{"loc":{"start":{"line":68,"column":4},"end":{"line":68,"column":64}},"type":"if","locations":[{"start":{"line":68,"column":4},"end":{"line":68,"column":64}},{"start":{},"end":{}}]},"2":{"loc":{"start":{"line":73,"column":4},"end":{"line":75,"column":5}},"type":"if","locations":[{"start":{"line":73,"column":4},"end":{"line":75,"column":5}},{"start":{},"end":{}}]},"3":{"loc":{"start":{"line":73,"column":9},"end":{"line":73,"column":28}},"type":"cond-expr","locations":[{"start":{"line":73,"column":20},"end":{"line":73,"column":22}},{"start":{"line":73,"column":20},"end":{"line":73,"column":28}}]},"4":{"loc":{"start":{"line":73,"column":9},"end":{"line":73,"column":22}},"type":"binary-expr","locations":[{"start":{"line":73,"column":9},"end":{"line":73,"column":22}},{"start":{"line":73,"column":20},"end":{"line":73,"column":22}}]},"5":{"loc":{"start":{"line":76,"column":4},"end":{"line":78,"column":5}},"type":"if","locations":[{"start":{"line":76,"column":4},"end":{"line":78,"column":5}},{"start":{},"end":{}}]},"6":{"loc":{"start":{"line":76,"column":8},"end":{"line":76,"column":40}},"type":"binary-expr","locations":[{"start":{"line":76,"column":8},"end":{"line":76,"column":19}},{"start":{"line":76,"column":23},"end":{"line":76,"column":40}}]},"7":{"loc":{"start":{"line":84,"column":21},"end":{"line":84,"column":46}},"type":"cond-expr","locations":[{"start":{"line":84,"column":38},"end":{"line":84,"column":42}},{"start":{"line":84,"column":42},"end":{"line":84,"column":46}}]},"8":{"loc":{"start":{"line":84,"column":21},"end":{"line":84,"column":42}},"type":"binary-expr","locations":[{"start":{"line":84,"column":21},"end":{"line":84,"column":42}},{"start":{"line":84,"column":38},"end":{"line":84,"column":42}}]},"9":{"loc":{"start":{"line":85,"column":28},"end":{"line":85,"column":60}},"type":"cond-expr","locations":[{"start":{"line":85,"column":52},"end":{"line":85,"column":56}},{"start":{"line":85,"column":56},"end":{"line":85,"column":60}}]},"10":{"loc":{"start":{"line":85,"column":28},"end":{"line":85,"column":56}},"type":"binary-expr","locations":[{"start":{"line":85,"column":28},"end":{"line":85,"column":56}},{"start":{"line":85,"column":52},"end":{"line":85,"column":56}}]},"11":{"loc":{"start":{"line":87,"column":20},"end":{"line":97,"column":21}},"type":"cond-expr","locations":[{"start":{"line":88,"column":12},"end":{"line":96,"column":null}},{"start":{"line":97,"column":12},"end":{"line":97,"column":21}}]},"12":{"loc":{"start":{"line":87,"column":20},"end":{"line":87,"column":44}},"type":"cond-expr","locations":[{"start":{"line":87,"column":36},"end":{"line":87,"column":38}},{"start":{"line":87,"column":36},"end":{"line":87,"column":44}}]},"13":{"loc":{"start":{"line":87,"column":20},"end":{"line":87,"column":38}},"type":"binary-expr","locations":[{"start":{"line":87,"column":20},"end":{"line":87,"column":38}},{"start":{"line":87,"column":36},"end":{"line":87,"column":38}}]},"14":{"loc":{"start":{"line":92,"column":30},"end":{"line":92,"column":78}},"type":"cond-expr","locations":[{"start":{"line":92,"column":47},"end":{"line":92,"column":71}},{"start":{"line":92,"column":74},"end":{"line":92,"column":78}}]},"15":{"loc":{"start":{"line":93,"column":29},"end":{"line":93,"column":50}},"type":"cond-expr","locations":[{"start":{"line":93,"column":42},"end":{"line":93,"column":46}},{"start":{"line":93,"column":46},"end":{"line":93,"column":50}}]},"16":{"loc":{"start":{"line":93,"column":29},"end":{"line":93,"column":46}},"type":"binary-expr","locations":[{"start":{"line":93,"column":29},"end":{"line":93,"column":46}},{"start":{"line":93,"column":42},"end":{"line":93,"column":46}}]},"17":{"loc":{"start":{"line":94,"column":23},"end":{"line":94,"column":35}},"type":"cond-expr","locations":[{"start":{"line":94,"column":30},"end":{"line":94,"column":34}},{"start":{"line":94,"column":34},"end":{"line":94,"column":35}}]},"18":{"loc":{"start":{"line":94,"column":23},"end":{"line":94,"column":34}},"type":"binary-expr","locations":[{"start":{"line":94,"column":23},"end":{"line":94,"column":34}},{"start":{"line":94,"column":30},"end":{"line":94,"column":34}}]},"19":{"loc":{"start":{"line":108,"column":4},"end":{"line":108,"column":68}},"type":"if","locations":[{"start":{"line":108,"column":4},"end":{"line":108,"column":68}},{"start":{},"end":{}}]},"20":{"loc":{"start":{"line":111,"column":4},"end":{"line":111,"column":63}},"type":"if","locations":[{"start":{"line":111,"column":4},"end":{"line":111,"column":63}},{"start":{},"end":{}}]},"21":{"loc":{"start":{"line":112,"column":4},"end":{"line":112,"column":81}},"type":"if","locations":[{"start":{"line":112,"column":4},"end":{"line":112,"column":81}},{"start":{},"end":{}}]},"22":{"loc":{"start":{"line":113,"column":4},"end":{"line":113,"column":102}},"type":"if","locations":[{"start":{"line":113,"column":4},"end":{"line":113,"column":102}},{"start":{},"end":{}}]},"23":{"loc":{"start":{"line":114,"column":4},"end":{"line":114,"column":81}},"type":"if","locations":[{"start":{"line":114,"column":4},"end":{"line":114,"column":81}},{"start":{},"end":{}}]},"24":{"loc":{"start":{"line":128,"column":4},"end":{"line":128,"column":64}},"type":"if","locations":[{"start":{"line":128,"column":4},"end":{"line":128,"column":64}},{"start":{},"end":{}}]}},"s":{"0":1,"1":6,"2":1,"3":1,"4":1,"5":0,"6":1,"7":3,"8":1,"9":2,"10":1,"11":1,"12":1,"13":1,"14":1,"15":0,"16":1,"17":1,"18":1,"19":1,"20":0,"21":1,"22":0,"23":1,"24":0,"25":1,"26":1,"27":1,"28":1,"29":0,"30":1},"f":{"0":6,"1":1,"2":1,"3":3,"4":1,"5":1,"6":1},"b":{"0":[1,0],"1":[0,1],"2":[1,2],"3":[0,3],"4":[3,3],"5":[1,1],"6":[2,1],"7":[0,1],"8":[1,1],"9":[0,1],"10":[1,1],"11":[1,0],"12":[0,1],"13":[1,1],"14":[0,1],"15":[0,1],"16":[1,1],"17":[0,1],"18":[1,1],"19":[0,1],"20":[1,0],"21":[0,1],"22":[0,1],"23":[0,1],"24":[1,0]}}
,"/private/tmp/titan-refactor01/services/task-service.ts": {"path":"/private/tmp/titan-refactor01/services/task-service.ts","statementMap":{"0":{"start":{"line":2,"column":0},"end":{"line":2,"column":58}},"1":{"start":{"line":50,"column":31},"end":{"line":50,"column":51}},"2":{"start":{"line":53,"column":43},"end":{"line":53,"column":45}},"3":{"start":{"line":55,"column":4},"end":{"line":60,"column":5}},"4":{"start":{"line":56,"column":6},"end":{"line":59,"column":8}},"5":{"start":{"line":61,"column":4},"end":{"line":61,"column":52}},"6":{"start":{"line":61,"column":23},"end":{"line":61,"column":52}},"7":{"start":{"line":62,"column":4},"end":{"line":62,"column":58}},"8":{"start":{"line":62,"column":25},"end":{"line":62,"column":58}},"9":{"start":{"line":63,"column":4},"end":{"line":63,"column":58}},"10":{"start":{"line":63,"column":25},"end":{"line":63,"column":58}},"11":{"start":{"line":64,"column":4},"end":{"line":64,"column":73}},"12":{"start":{"line":64,"column":30},"end":{"line":64,"column":73}},"13":{"start":{"line":66,"column":4},"end":{"line":78,"column":7}},"14":{"start":{"line":82,"column":17},"end":{"line":110,"column":6}},"15":{"start":{"line":112,"column":4},"end":{"line":112,"column":64}},"16":{"start":{"line":112,"column":15},"end":{"line":112,"column":64}},"17":{"start":{"line":113,"column":4},"end":{"line":113,"column":16}},"18":{"start":{"line":117,"column":4},"end":{"line":119,"column":5}},"19":{"start":{"line":118,"column":6},"end":{"line":118,"column":41}},"20":{"start":{"line":121,"column":4},"end":{"line":148,"column":7}},"21":{"start":{"line":152,"column":21},"end":{"line":152,"column":73}},"22":{"start":{"line":153,"column":4},"end":{"line":153,"column":68}},"23":{"start":{"line":153,"column":19},"end":{"line":153,"column":68}},"24":{"start":{"line":155,"column":45},"end":{"line":155,"column":47}},"25":{"start":{"line":156,"column":4},"end":{"line":156,"column":63}},"26":{"start":{"line":156,"column":35},"end":{"line":156,"column":63}},"27":{"start":{"line":157,"column":4},"end":{"line":157,"column":81}},"28":{"start":{"line":157,"column":41},"end":{"line":157,"column":81}},"29":{"start":{"line":158,"column":4},"end":{"line":158,"column":66}},"30":{"start":{"line":158,"column":36},"end":{"line":158,"column":66}},"31":{"start":{"line":159,"column":4},"end":{"line":159,"column":72}},"32":{"start":{"line":159,"column":38},"end":{"line":159,"column":72}},"33":{"start":{"line":160,"column":4},"end":{"line":160,"column":72}},"34":{"start":{"line":160,"column":38},"end":{"line":160,"column":72}},"35":{"start":{"line":161,"column":4},"end":{"line":161,"column":107}},"36":{"start":{"line":161,"column":47},"end":{"line":161,"column":107}},"37":{"start":{"line":162,"column":4},"end":{"line":162,"column":104}},"38":{"start":{"line":162,"column":46},"end":{"line":162,"column":104}},"39":{"start":{"line":163,"column":4},"end":{"line":163,"column":95}},"40":{"start":{"line":163,"column":43},"end":{"line":163,"column":95}},"41":{"start":{"line":164,"column":4},"end":{"line":164,"column":112}},"42":{"start":{"line":164,"column":37},"end":{"line":164,"column":112}},"43":{"start":{"line":165,"column":4},"end":{"line":165,"column":120}},"44":{"start":{"line":165,"column":39},"end":{"line":165,"column":120}},"45":{"start":{"line":166,"column":4},"end":{"line":166,"column":98}},"46":{"start":{"line":166,"column":44},"end":{"line":166,"column":98}},"47":{"start":{"line":167,"column":4},"end":{"line":167,"column":60}},"48":{"start":{"line":167,"column":34},"end":{"line":167,"column":60}},"49":{"start":{"line":168,"column":4},"end":{"line":168,"column":81}},"50":{"start":{"line":168,"column":41},"end":{"line":168,"column":81}},"51":{"start":{"line":169,"column":4},"end":{"line":169,"column":81}},"52":{"start":{"line":169,"column":41},"end":{"line":169,"column":81}},"53":{"start":{"line":170,"column":4},"end":{"line":170,"column":81}},"54":{"start":{"line":170,"column":41},"end":{"line":170,"column":81}},"55":{"start":{"line":172,"column":17},"end":{"line":181,"column":6}},"56":{"start":{"line":183,"column":4},"end":{"line":183,"column":16}},"57":{"start":{"line":187,"column":17},"end":{"line":194,"column":6}},"58":{"start":{"line":196,"column":4},"end":{"line":203,"column":7}},"59":{"start":{"line":205,"column":4},"end":{"line":205,"column":16}},"60":{"start":{"line":209,"column":4},"end":{"line":209,"column":54}},"61":{"start":{"line":49,"column":0},"end":{"line":49,"column":13}}},"fnMap":{"0":{"name":"(anonymous_0)","decl":{"start":{"line":50,"column":2},"end":{"line":50,"column":31}},"loc":{"start":{"line":50,"column":51},"end":{"line":50,"column":55}}},"1":{"name":"(anonymous_1)","decl":{"start":{"line":52,"column":2},"end":{"line":52,"column":7}},"loc":{"start":{"line":52,"column":41},"end":{"line":79,"column":3}}},"2":{"name":"(anonymous_2)","decl":{"start":{"line":81,"column":2},"end":{"line":81,"column":7}},"loc":{"start":{"line":81,"column":26},"end":{"line":114,"column":3}}},"3":{"name":"(anonymous_3)","decl":{"start":{"line":116,"column":2},"end":{"line":116,"column":7}},"loc":{"start":{"line":116,"column":41},"end":{"line":149,"column":3}}},"4":{"name":"(anonymous_4)","decl":{"start":{"line":151,"column":2},"end":{"line":151,"column":7}},"loc":{"start":{"line":151,"column":53},"end":{"line":184,"column":3}}},"5":{"name":"(anonymous_5)","decl":{"start":{"line":186,"column":2},"end":{"line":186,"column":7}},"loc":{"start":{"line":186,"column":67},"end":{"line":206,"column":3}}},"6":{"name":"(anonymous_6)","decl":{"start":{"line":208,"column":2},"end":{"line":208,"column":7}},"loc":{"start":{"line":208,"column":29},"end":{"line":210,"column":3}}}},"branchMap":{"0":{"loc":{"start":{"line":55,"column":4},"end":{"line":60,"column":5}},"type":"if","locations":[{"start":{"line":55,"column":4},"end":{"line":60,"column":5}},{"start":{},"end":{}}]},"1":{"loc":{"start":{"line":61,"column":4},"end":{"line":61,"column":52}},"type":"if","locations":[{"start":{"line":61,"column":4},"end":{"line":61,"column":52}},{"start":{},"end":{}}]},"2":{"loc":{"start":{"line":62,"column":4},"end":{"line":62,"column":58}},"type":"if","locations":[{"start":{"line":62,"column":4},"end":{"line":62,"column":58}},{"start":{},"end":{}}]},"3":{"loc":{"start":{"line":63,"column":4},"end":{"line":63,"column":58}},"type":"if","locations":[{"start":{"line":63,"column":4},"end":{"line":63,"column":58}},{"start":{},"end":{}}]},"4":{"loc":{"start":{"line":64,"column":4},"end":{"line":64,"column":73}},"type":"if","locations":[{"start":{"line":64,"column":4},"end":{"line":64,"column":73}},{"start":{},"end":{}}]},"5":{"loc":{"start":{"line":112,"column":4},"end":{"line":112,"column":64}},"type":"if","locations":[{"start":{"line":112,"column":4},"end":{"line":112,"column":64}},{"start":{},"end":{}}]},"6":{"loc":{"start":{"line":117,"column":4},"end":{"line":119,"column":5}},"type":"if","locations":[{"start":{"line":117,"column":4},"end":{"line":119,"column":5}},{"start":{},"end":{}}]},"7":{"loc":{"start":{"line":117,"column":9},"end":{"line":117,"column":28}},"type":"cond-expr","locations":[{"start":{"line":117,"column":20},"end":{"line":117,"column":22}},{"start":{"line":117,"column":20},"end":{"line":117,"column":28}}]},"8":{"loc":{"start":{"line":117,"column":9},"end":{"line":117,"column":22}},"type":"binary-expr","locations":[{"start":{"line":117,"column":9},"end":{"line":117,"column":22}},{"start":{"line":117,"column":20},"end":{"line":117,"column":22}}]},"9":{"loc":{"start":{"line":125,"column":17},"end":{"line":125,"column":42}},"type":"cond-expr","locations":[{"start":{"line":125,"column":29},"end":{"line":125,"column":33}},{"start":{"line":125,"column":33},"end":{"line":125,"column":42}}]},"10":{"loc":{"start":{"line":125,"column":17},"end":{"line":125,"column":33}},"type":"binary-expr","locations":[{"start":{"line":125,"column":17},"end":{"line":125,"column":33}},{"start":{"line":125,"column":29},"end":{"line":125,"column":33}}]},"11":{"loc":{"start":{"line":126,"column":19},"end":{"line":126,"column":41}},"type":"cond-expr","locations":[{"start":{"line":126,"column":33},"end":{"line":126,"column":37}},{"start":{"line":126,"column":37},"end":{"line":126,"column":41}}]},"12":{"loc":{"start":{"line":126,"column":19},"end":{"line":126,"column":37}},"type":"binary-expr","locations":[{"start":{"line":126,"column":19},"end":{"line":126,"column":37}},{"start":{"line":126,"column":33},"end":{"line":126,"column":37}}]},"13":{"loc":{"start":{"line":127,"column":19},"end":{"line":127,"column":46}},"type":"cond-expr","locations":[{"start":{"line":127,"column":33},"end":{"line":127,"column":37}},{"start":{"line":127,"column":37},"end":{"line":127,"column":46}}]},"14":{"loc":{"start":{"line":127,"column":19},"end":{"line":127,"column":37}},"type":"binary-expr","locations":[{"start":{"line":127,"column":19},"end":{"line":127,"column":37}},{"start":{"line":127,"column":33},"end":{"line":127,"column":37}}]},"15":{"loc":{"start":{"line":128,"column":27},"end":{"line":128,"column":58}},"type":"cond-expr","locations":[{"start":{"line":128,"column":50},"end":{"line":128,"column":54}},{"start":{"line":128,"column":54},"end":{"line":128,"column":58}}]},"16":{"loc":{"start":{"line":128,"column":27},"end":{"line":128,"column":54}},"type":"binary-expr","locations":[{"start":{"line":128,"column":27},"end":{"line":128,"column":54}},{"start":{"line":128,"column":50},"end":{"line":128,"column":54}}]},"17":{"loc":{"start":{"line":129,"column":26},"end":{"line":129,"column":56}},"type":"cond-expr","locations":[{"start":{"line":129,"column":48},"end":{"line":129,"column":52}},{"start":{"line":129,"column":52},"end":{"line":129,"column":56}}]},"18":{"loc":{"start":{"line":129,"column":26},"end":{"line":129,"column":52}},"type":"binary-expr","locations":[{"start":{"line":129,"column":26},"end":{"line":129,"column":52}},{"start":{"line":129,"column":48},"end":{"line":129,"column":52}}]},"19":{"loc":{"start":{"line":131,"column":23},"end":{"line":131,"column":50}},"type":"cond-expr","locations":[{"start":{"line":131,"column":42},"end":{"line":131,"column":46}},{"start":{"line":131,"column":46},"end":{"line":131,"column":50}}]},"20":{"loc":{"start":{"line":131,"column":23},"end":{"line":131,"column":46}},"type":"binary-expr","locations":[{"start":{"line":131,"column":23},"end":{"line":131,"column":46}},{"start":{"line":131,"column":42},"end":{"line":131,"column":46}}]},"21":{"loc":{"start":{"line":132,"column":17},"end":{"line":132,"column":63}},"type":"cond-expr","locations":[{"start":{"line":132,"column":33},"end":{"line":132,"column":56}},{"start":{"line":132,"column":59},"end":{"line":132,"column":63}}]},"22":{"loc":{"start":{"line":133,"column":19},"end":{"line":133,"column":69}},"type":"cond-expr","locations":[{"start":{"line":133,"column":37},"end":{"line":133,"column":62}},{"start":{"line":133,"column":65},"end":{"line":133,"column":69}}]},"23":{"loc":{"start":{"line":134,"column":24},"end":{"line":134,"column":52}},"type":"cond-expr","locations":[{"start":{"line":134,"column":44},"end":{"line":134,"column":48}},{"start":{"line":134,"column":48},"end":{"line":134,"column":52}}]},"24":{"loc":{"start":{"line":134,"column":24},"end":{"line":134,"column":48}},"type":"binary-expr","locations":[{"start":{"line":134,"column":24},"end":{"line":134,"column":48}},{"start":{"line":134,"column":44},"end":{"line":134,"column":48}}]},"25":{"loc":{"start":{"line":135,"column":14},"end":{"line":135,"column":30}},"type":"cond-expr","locations":[{"start":{"line":135,"column":24},"end":{"line":135,"column":28}},{"start":{"line":135,"column":28},"end":{"line":135,"column":30}}]},"26":{"loc":{"start":{"line":135,"column":14},"end":{"line":135,"column":28}},"type":"binary-expr","locations":[{"start":{"line":135,"column":14},"end":{"line":135,"column":28}},{"start":{"line":135,"column":24},"end":{"line":135,"column":28}}]},"27":{"loc":{"start":{"line":137,"column":10},"end":{"line":139,"column":18}},"type":"cond-expr","locations":[{"start":{"line":138,"column":14},"end":{"line":138,"column":24}},{"start":{"line":139,"column":14},"end":{"line":139,"column":18}}]},"28":{"loc":{"start":{"line":137,"column":10},"end":{"line":137,"column":69}},"type":"binary-expr","locations":[{"start":{"line":137,"column":10},"end":{"line":137,"column":36}},{"start":{"line":137,"column":40},"end":{"line":137,"column":69}}]},"29":{"loc":{"start":{"line":140,"column":21},"end":{"line":140,"column":46}},"type":"cond-expr","locations":[{"start":{"line":140,"column":38},"end":{"line":140,"column":42}},{"start":{"line":140,"column":42},"end":{"line":140,"column":46}}]},"30":{"loc":{"start":{"line":140,"column":21},"end":{"line":140,"column":42}},"type":"binary-expr","locations":[{"start":{"line":140,"column":21},"end":{"line":140,"column":42}},{"start":{"line":140,"column":38},"end":{"line":140,"column":42}}]},"31":{"loc":{"start":{"line":141,"column":21},"end":{"line":141,"column":46}},"type":"cond-expr","locations":[{"start":{"line":141,"column":38},"end":{"line":141,"column":42}},{"start":{"line":141,"column":42},"end":{"line":141,"column":46}}]},"32":{"loc":{"start":{"line":141,"column":21},"end":{"line":141,"column":42}},"type":"binary-expr","locations":[{"start":{"line":141,"column":21},"end":{"line":141,"column":42}},{"start":{"line":141,"column":38},"end":{"line":141,"column":42}}]},"33":{"loc":{"start":{"line":153,"column":4},"end":{"line":153,"column":68}},"type":"if","locations":[{"start":{"line":153,"column":4},"end":{"line":153,"column":68}},{"start":{},"end":{}}]},"34":{"loc":{"start":{"line":156,"column":4},"end":{"line":156,"column":63}},"type":"if","locations":[{"start":{"line":156,"column":4},"end":{"line":156,"column":63}},{"start":{},"end":{}}]},"35":{"loc":{"start":{"line":157,"column":4},"end":{"line":157,"column":81}},"type":"if","locations":[{"start":{"line":157,"column":4},"end":{"line":157,"column":81}},{"start":{},"end":{}}]},"36":{"loc":{"start":{"line":158,"column":4},"end":{"line":158,"column":66}},"type":"if","locations":[{"start":{"line":158,"column":4},"end":{"line":158,"column":66}},{"start":{},"end":{}}]},"37":{"loc":{"start":{"line":159,"column":4},"end":{"line":159,"column":72}},"type":"if","locations":[{"start":{"line":159,"column":4},"end":{"line":159,"column":72}},{"start":{},"end":{}}]},"38":{"loc":{"start":{"line":160,"column":4},"end":{"line":160,"column":72}},"type":"if","locations":[{"start":{"line":160,"column":4},"end":{"line":160,"column":72}},{"start":{},"end":{}}]},"39":{"loc":{"start":{"line":161,"column":4},"end":{"line":161,"column":107}},"type":"if","locations":[{"start":{"line":161,"column":4},"end":{"line":161,"column":107}},{"start":{},"end":{}}]},"40":{"loc":{"start":{"line":161,"column":75},"end":{"line":161,"column":106}},"type":"cond-expr","locations":[{"start":{"line":161,"column":98},"end":{"line":161,"column":102}},{"start":{"line":161,"column":102},"end":{"line":161,"column":106}}]},"41":{"loc":{"start":{"line":161,"column":75},"end":{"line":161,"column":102}},"type":"binary-expr","locations":[{"start":{"line":161,"column":75},"end":{"line":161,"column":102}},{"start":{"line":161,"column":98},"end":{"line":161,"column":102}}]},"42":{"loc":{"start":{"line":162,"column":4},"end":{"line":162,"column":104}},"type":"if","locations":[{"start":{"line":162,"column":4},"end":{"line":162,"column":104}},{"start":{},"end":{}}]},"43":{"loc":{"start":{"line":162,"column":73},"end":{"line":162,"column":103}},"type":"cond-expr","locations":[{"start":{"line":162,"column":95},"end":{"line":162,"column":99}},{"start":{"line":162,"column":99},"end":{"line":162,"column":103}}]},"44":{"loc":{"start":{"line":162,"column":73},"end":{"line":162,"column":99}},"type":"binary-expr","locations":[{"start":{"line":162,"column":73},"end":{"line":162,"column":99}},{"start":{"line":162,"column":95},"end":{"line":162,"column":99}}]},"45":{"loc":{"start":{"line":163,"column":4},"end":{"line":163,"column":95}},"type":"if","locations":[{"start":{"line":163,"column":4},"end":{"line":163,"column":95}},{"start":{},"end":{}}]},"46":{"loc":{"start":{"line":163,"column":67},"end":{"line":163,"column":94}},"type":"cond-expr","locations":[{"start":{"line":163,"column":86},"end":{"line":163,"column":90}},{"start":{"line":163,"column":90},"end":{"line":163,"column":94}}]},"47":{"loc":{"start":{"line":163,"column":67},"end":{"line":163,"column":90}},"type":"binary-expr","locations":[{"start":{"line":163,"column":67},"end":{"line":163,"column":90}},{"start":{"line":163,"column":86},"end":{"line":163,"column":90}}]},"48":{"loc":{"start":{"line":164,"column":4},"end":{"line":164,"column":112}},"type":"if","locations":[{"start":{"line":164,"column":4},"end":{"line":164,"column":112}},{"start":{},"end":{}}]},"49":{"loc":{"start":{"line":164,"column":55},"end":{"line":164,"column":111}},"type":"cond-expr","locations":[{"start":{"line":164,"column":71},"end":{"line":164,"column":104}},{"start":{"line":164,"column":107},"end":{"line":164,"column":111}}]},"50":{"loc":{"start":{"line":165,"column":4},"end":{"line":165,"column":120}},"type":"if","locations":[{"start":{"line":165,"column":4},"end":{"line":165,"column":120}},{"start":{},"end":{}}]},"51":{"loc":{"start":{"line":165,"column":59},"end":{"line":165,"column":119}},"type":"cond-expr","locations":[{"start":{"line":165,"column":77},"end":{"line":165,"column":112}},{"start":{"line":165,"column":115},"end":{"line":165,"column":119}}]},"52":{"loc":{"start":{"line":166,"column":4},"end":{"line":166,"column":98}},"type":"if","locations":[{"start":{"line":166,"column":4},"end":{"line":166,"column":98}},{"start":{},"end":{}}]},"53":{"loc":{"start":{"line":166,"column":69},"end":{"line":166,"column":97}},"type":"cond-expr","locations":[{"start":{"line":166,"column":89},"end":{"line":166,"column":93}},{"start":{"line":166,"column":93},"end":{"line":166,"column":97}}]},"54":{"loc":{"start":{"line":166,"column":69},"end":{"line":166,"column":93}},"type":"binary-expr","locations":[{"start":{"line":166,"column":69},"end":{"line":166,"column":93}},{"start":{"line":166,"column":89},"end":{"line":166,"column":93}}]},"55":{"loc":{"start":{"line":167,"column":4},"end":{"line":167,"column":60}},"type":"if","locations":[{"start":{"line":167,"column":4},"end":{"line":167,"column":60}},{"start":{},"end":{}}]},"56":{"loc":{"start":{"line":168,"column":4},"end":{"line":168,"column":81}},"type":"if","locations":[{"start":{"line":168,"column":4},"end":{"line":168,"column":81}},{"start":{},"end":{}}]},"57":{"loc":{"start":{"line":169,"column":4},"end":{"line":169,"column":81}},"type":"if","locations":[{"start":{"line":169,"column":4},"end":{"line":169,"column":81}},{"start":{},"end":{}}]},"58":{"loc":{"start":{"line":170,"column":4},"end":{"line":170,"column":81}},"type":"if","locations":[{"start":{"line":170,"column":4},"end":{"line":170,"column":81}},{"start":{},"end":{}}]}},"s":{"0":1,"1":13,"2":4,"3":4,"4":1,"5":4,"6":1,"7":4,"8":0,"9":4,"10":1,"11":4,"12":0,"13":4,"14":2,"15":2,"16":1,"17":1,"18":2,"19":1,"20":1,"21":2,"22":2,"23":1,"24":1,"25":1,"26":1,"27":1,"28":0,"29":1,"30":0,"31":1,"32":0,"33":1,"34":0,"35":1,"36":0,"37":1,"38":0,"39":1,"40":0,"41":1,"42":0,"43":1,"44":0,"45":1,"46":0,"47":1,"48":0,"49":1,"50":0,"51":1,"52":0,"53":1,"54":0,"55":1,"56":1,"57":2,"58":2,"59":2,"60":1,"61":1},"f":{"0":13,"1":4,"2":2,"3":2,"4":2,"5":2,"6":1},"b":{"0":[1,3],"1":[1,3],"2":[0,4],"3":[1,3],"4":[0,4],"5":[1,1],"6":[1,1],"7":[0,2],"8":[2,2],"9":[0,1],"10":[1,1],"11":[0,1],"12":[1,1],"13":[0,1],"14":[1,1],"15":[0,1],"16":[1,1],"17":[0,1],"18":[1,1],"19":[0,1],"20":[1,1],"21":[0,1],"22":[0,1],"23":[0,1],"24":[1,1],"25":[0,1],"26":[1,1],"27":[0,1],"28":[1,1],"29":[0,1],"30":[1,1],"31":[0,1],"32":[1,1],"33":[1,1],"34":[1,0],"35":[0,1],"36":[0,1],"37":[0,1],"38":[0,1],"39":[0,1],"40":[0,0],"41":[0,0],"42":[0,1],"43":[0,0],"44":[0,0],"45":[0,1],"46":[0,0],"47":[0,0],"48":[0,1],"49":[0,0],"50":[0,1],"51":[0,0],"52":[0,1],"53":[0,0],"54":[0,0],"55":[0,1],"56":[0,1],"57":[0,1],"58":[0,1]}}
,"/private/tmp/titan-refactor01/services/time-entry-service.ts": {"path":"/private/tmp/titan-refactor01/services/time-entry-service.ts","statementMap":{"0":{"start":{"line":2,"column":0},"end":{"line":2,"column":58}},"1":{"start":{"line":33,"column":31},"end":{"line":33,"column":51}},"2":{"start":{"line":36,"column":43},"end":{"line":36,"column":45}},"3":{"start":{"line":37,"column":4},"end":{"line":37,"column":52}},"4":{"start":{"line":37,"column":23},"end":{"line":37,"column":52}},"5":{"start":{"line":38,"column":4},"end":{"line":38,"column":52}},"6":{"start":{"line":38,"column":23},"end":{"line":38,"column":52}},"7":{"start":{"line":39,"column":4},"end":{"line":44,"column":5}},"8":{"start":{"line":40,"column":6},"end":{"line":43,"column":8}},"9":{"start":{"line":46,"column":4},"end":{"line":53,"column":7}},"10":{"start":{"line":57,"column":4},"end":{"line":59,"column":5}},"11":{"start":{"line":58,"column":6},"end":{"line":58,"column":44}},"12":{"start":{"line":60,"column":4},"end":{"line":62,"column":5}},"13":{"start":{"line":61,"column":6},"end":{"line":61,"column":44}},"14":{"start":{"line":64,"column":4},"end":{"line":77,"column":7}},"15":{"start":{"line":81,"column":21},"end":{"line":81,"column":78}},"16":{"start":{"line":82,"column":4},"end":{"line":82,"column":73}},"17":{"start":{"line":82,"column":19},"end":{"line":82,"column":73}},"18":{"start":{"line":84,"column":45},"end":{"line":84,"column":47}},"19":{"start":{"line":85,"column":4},"end":{"line":85,"column":63}},"20":{"start":{"line":85,"column":35},"end":{"line":85,"column":63}},"21":{"start":{"line":86,"column":4},"end":{"line":86,"column":72}},"22":{"start":{"line":86,"column":38},"end":{"line":86,"column":72}},"23":{"start":{"line":87,"column":4},"end":{"line":87,"column":81}},"24":{"start":{"line":87,"column":41},"end":{"line":87,"column":81}},"25":{"start":{"line":88,"column":4},"end":{"line":88,"column":70}},"26":{"start":{"line":88,"column":34},"end":{"line":88,"column":70}},"27":{"start":{"line":90,"column":4},"end":{"line":97,"column":7}},"28":{"start":{"line":101,"column":21},"end":{"line":101,"column":78}},"29":{"start":{"line":102,"column":4},"end":{"line":102,"column":73}},"30":{"start":{"line":102,"column":19},"end":{"line":102,"column":73}},"31":{"start":{"line":104,"column":4},"end":{"line":104,"column":59}},"32":{"start":{"line":108,"column":20},"end":{"line":108,"column":54}},"33":{"start":{"line":110,"column":23},"end":{"line":110,"column":67}},"34":{"start":{"line":110,"column":50},"end":{"line":110,"column":63}},"35":{"start":{"line":111,"column":23},"end":{"line":114,"column":10}},"36":{"start":{"line":112,"column":6},"end":{"line":112,"column":57}},"37":{"start":{"line":113,"column":6},"end":{"line":113,"column":17}},"38":{"start":{"line":116,"column":4},"end":{"line":116,"column":38}},"39":{"start":{"line":32,"column":0},"end":{"line":32,"column":13}}},"fnMap":{"0":{"name":"(anonymous_0)","decl":{"start":{"line":33,"column":2},"end":{"line":33,"column":31}},"loc":{"start":{"line":33,"column":51},"end":{"line":33,"column":55}}},"1":{"name":"(anonymous_1)","decl":{"start":{"line":35,"column":2},"end":{"line":35,"column":7}},"loc":{"start":{"line":35,"column":53},"end":{"line":54,"column":3}}},"2":{"name":"(anonymous_2)","decl":{"start":{"line":56,"column":2},"end":{"line":56,"column":7}},"loc":{"start":{"line":56,"column":51},"end":{"line":78,"column":3}}},"3":{"name":"(anonymous_3)","decl":{"start":{"line":80,"column":2},"end":{"line":80,"column":7}},"loc":{"start":{"line":80,"column":63},"end":{"line":98,"column":3}}},"4":{"name":"(anonymous_4)","decl":{"start":{"line":100,"column":2},"end":{"line":100,"column":7}},"loc":{"start":{"line":100,"column":34},"end":{"line":105,"column":3}}},"5":{"name":"(anonymous_5)","decl":{"start":{"line":107,"column":2},"end":{"line":107,"column":7}},"loc":{"start":{"line":107,"column":46},"end":{"line":117,"column":3}}},"6":{"name":"(anonymous_6)","decl":{"start":{"line":110,"column":38},"end":{"line":110,"column":39}},"loc":{"start":{"line":110,"column":50},"end":{"line":110,"column":63}}},"7":{"name":"(anonymous_7)","decl":{"start":{"line":111,"column":62},"end":{"line":111,"column":63}},"loc":{"start":{"line":111,"column":73},"end":{"line":114,"column":5}}}},"branchMap":{"0":{"loc":{"start":{"line":37,"column":4},"end":{"line":37,"column":52}},"type":"if","locations":[{"start":{"line":37,"column":4},"end":{"line":37,"column":52}},{"start":{},"end":{}}]},"1":{"loc":{"start":{"line":38,"column":4},"end":{"line":38,"column":52}},"type":"if","locations":[{"start":{"line":38,"column":4},"end":{"line":38,"column":52}},{"start":{},"end":{}}]},"2":{"loc":{"start":{"line":39,"column":4},"end":{"line":44,"column":5}},"type":"if","locations":[{"start":{"line":39,"column":4},"end":{"line":44,"column":5}},{"start":{},"end":{}}]},"3":{"loc":{"start":{"line":39,"column":8},"end":{"line":39,"column":40}},"type":"binary-expr","locations":[{"start":{"line":39,"column":8},"end":{"line":39,"column":23}},{"start":{"line":39,"column":27},"end":{"line":39,"column":40}}]},"4":{"loc":{"start":{"line":41,"column":12},"end":{"line":41,"column":65}},"type":"binary-expr","locations":[{"start":{"line":41,"column":12},"end":{"line":41,"column":27}},{"start":{"line":41,"column":31},"end":{"line":41,"column":65}}]},"5":{"loc":{"start":{"line":42,"column":12},"end":{"line":42,"column":61}},"type":"binary-expr","locations":[{"start":{"line":42,"column":12},"end":{"line":42,"column":25}},{"start":{"line":42,"column":29},"end":{"line":42,"column":61}}]},"6":{"loc":{"start":{"line":57,"column":4},"end":{"line":59,"column":5}},"type":"if","locations":[{"start":{"line":57,"column":4},"end":{"line":59,"column":5}},{"start":{},"end":{}}]},"7":{"loc":{"start":{"line":57,"column":9},"end":{"line":57,"column":29}},"type":"cond-expr","locations":[{"start":{"line":57,"column":21},"end":{"line":57,"column":23}},{"start":{"line":57,"column":21},"end":{"line":57,"column":29}}]},"8":{"loc":{"start":{"line":57,"column":9},"end":{"line":57,"column":23}},"type":"binary-expr","locations":[{"start":{"line":57,"column":9},"end":{"line":57,"column":23}},{"start":{"line":57,"column":21},"end":{"line":57,"column":23}}]},"9":{"loc":{"start":{"line":60,"column":4},"end":{"line":62,"column":5}},"type":"if","locations":[{"start":{"line":60,"column":4},"end":{"line":62,"column":5}},{"start":{},"end":{}}]},"10":{"loc":{"start":{"line":60,"column":8},"end":{"line":60,"column":40}},"type":"binary-expr","locations":[{"start":{"line":60,"column":8},"end":{"line":60,"column":20}},{"start":{"line":60,"column":24},"end":{"line":60,"column":40}}]},"11":{"loc":{"start":{"line":66,"column":16},"end":{"line":66,"column":36}},"type":"cond-expr","locations":[{"start":{"line":66,"column":28},"end":{"line":66,"column":32}},{"start":{"line":66,"column":32},"end":{"line":66,"column":36}}]},"12":{"loc":{"start":{"line":66,"column":16},"end":{"line":66,"column":32}},"type":"binary-expr","locations":[{"start":{"line":66,"column":16},"end":{"line":66,"column":32}},{"start":{"line":66,"column":28},"end":{"line":66,"column":32}}]},"13":{"loc":{"start":{"line":71,"column":21},"end":{"line":71,"column":46}},"type":"cond-expr","locations":[{"start":{"line":71,"column":38},"end":{"line":71,"column":42}},{"start":{"line":71,"column":42},"end":{"line":71,"column":46}}]},"14":{"loc":{"start":{"line":71,"column":21},"end":{"line":71,"column":42}},"type":"binary-expr","locations":[{"start":{"line":71,"column":21},"end":{"line":71,"column":42}},{"start":{"line":71,"column":38},"end":{"line":71,"column":42}}]},"15":{"loc":{"start":{"line":82,"column":4},"end":{"line":82,"column":73}},"type":"if","locations":[{"start":{"line":82,"column":4},"end":{"line":82,"column":73}},{"start":{},"end":{}}]},"16":{"loc":{"start":{"line":85,"column":4},"end":{"line":85,"column":63}},"type":"if","locations":[{"start":{"line":85,"column":4},"end":{"line":85,"column":63}},{"start":{},"end":{}}]},"17":{"loc":{"start":{"line":86,"column":4},"end":{"line":86,"column":72}},"type":"if","locations":[{"start":{"line":86,"column":4},"end":{"line":86,"column":72}},{"start":{},"end":{}}]},"18":{"loc":{"start":{"line":87,"column":4},"end":{"line":87,"column":81}},"type":"if","locations":[{"start":{"line":87,"column":4},"end":{"line":87,"column":81}},{"start":{},"end":{}}]},"19":{"loc":{"start":{"line":88,"column":4},"end":{"line":88,"column":70}},"type":"if","locations":[{"start":{"line":88,"column":4},"end":{"line":88,"column":70}},{"start":{},"end":{}}]},"20":{"loc":{"start":{"line":102,"column":4},"end":{"line":102,"column":73}},"type":"if","locations":[{"start":{"line":102,"column":4},"end":{"line":102,"column":73}},{"start":{},"end":{}}]},"21":{"loc":{"start":{"line":112,"column":25},"end":{"line":112,"column":45}},"type":"cond-expr","locations":[{"start":{"line":112,"column":40},"end":{"line":112,"column":44}},{"start":{"line":112,"column":44},"end":{"line":112,"column":45}}]},"22":{"loc":{"start":{"line":112,"column":25},"end":{"line":112,"column":44}},"type":"binary-expr","locations":[{"start":{"line":112,"column":25},"end":{"line":112,"column":44}},{"start":{"line":112,"column":40},"end":{"line":112,"column":44}}]}},"s":{"0":1,"1":5,"2":2,"3":2,"4":2,"5":2,"6":0,"7":2,"8":0,"9":2,"10":2,"11":1,"12":1,"13":1,"14":0,"15":1,"16":1,"17":1,"18":0,"19":0,"20":0,"21":0,"22":0,"23":0,"24":0,"25":0,"26":0,"27":0,"28":1,"29":1,"30":0,"31":1,"32":1,"33":1,"34":2,"35":1,"36":2,"37":2,"38":1,"39":1},"f":{"0":5,"1":2,"2":2,"3":1,"4":1,"5":1,"6":2,"7":2},"b":{"0":[2,0],"1":[0,2],"2":[0,2],"3":[2,2],"4":[0,0],"5":[0,0],"6":[1,1],"7":[0,2],"8":[2,2],"9":[1,0],"10":[1,0],"11":[0,0],"12":[0,0],"13":[0,0],"14":[0,0],"15":[1,0],"16":[0,0],"17":[0,0],"18":[0,0],"19":[0,0],"20":[0,1],"21":[0,2],"22":[2,2]}}
,"/private/tmp/titan-refactor01/services/user-service.ts": {"path":"/private/tmp/titan-refactor01/services/user-service.ts","statementMap":{"0":{"start":{"line":2,"column":0},"end":{"line":2,"column":58}},"1":{"start":{"line":18,"column":31},"end":{"line":18,"column":51}},"2":{"start":{"line":21,"column":43},"end":{"line":21,"column":45}},"3":{"start":{"line":22,"column":4},"end":{"line":22,"column":46}},"4":{"start":{"line":22,"column":21},"end":{"line":22,"column":46}},"5":{"start":{"line":23,"column":4},"end":{"line":23,"column":72}},"6":{"start":{"line":23,"column":39},"end":{"line":23,"column":72}},"7":{"start":{"line":25,"column":4},"end":{"line":37,"column":7}},"8":{"start":{"line":41,"column":17},"end":{"line":53,"column":6}},"9":{"start":{"line":55,"column":4},"end":{"line":55,"column":64}},"10":{"start":{"line":55,"column":15},"end":{"line":55,"column":64}},"11":{"start":{"line":56,"column":4},"end":{"line":56,"column":16}},"12":{"start":{"line":60,"column":21},"end":{"line":60,"column":73}},"13":{"start":{"line":61,"column":4},"end":{"line":61,"column":68}},"14":{"start":{"line":61,"column":19},"end":{"line":61,"column":68}},"15":{"start":{"line":64,"column":4},"end":{"line":71,"column":5}},"16":{"start":{"line":65,"column":23},"end":{"line":67,"column":8}},"17":{"start":{"line":68,"column":6},"end":{"line":70,"column":7}},"18":{"start":{"line":69,"column":8},"end":{"line":69,"column":74}},"19":{"start":{"line":73,"column":45},"end":{"line":73,"column":47}},"20":{"start":{"line":74,"column":4},"end":{"line":74,"column":60}},"21":{"start":{"line":74,"column":34},"end":{"line":74,"column":60}},"22":{"start":{"line":75,"column":4},"end":{"line":75,"column":63}},"23":{"start":{"line":75,"column":35},"end":{"line":75,"column":63}},"24":{"start":{"line":76,"column":4},"end":{"line":76,"column":60}},"25":{"start":{"line":76,"column":34},"end":{"line":76,"column":60}},"26":{"start":{"line":77,"column":4},"end":{"line":77,"column":66}},"27":{"start":{"line":77,"column":36},"end":{"line":77,"column":66}},"28":{"start":{"line":78,"column":4},"end":{"line":78,"column":72}},"29":{"start":{"line":78,"column":38},"end":{"line":78,"column":72}},"30":{"start":{"line":80,"column":4},"end":{"line":91,"column":7}},"31":{"start":{"line":17,"column":0},"end":{"line":17,"column":13}}},"fnMap":{"0":{"name":"(anonymous_0)","decl":{"start":{"line":18,"column":2},"end":{"line":18,"column":31}},"loc":{"start":{"line":18,"column":51},"end":{"line":18,"column":55}}},"1":{"name":"(anonymous_1)","decl":{"start":{"line":20,"column":2},"end":{"line":20,"column":7}},"loc":{"start":{"line":20,"column":41},"end":{"line":38,"column":3}}},"2":{"name":"(anonymous_2)","decl":{"start":{"line":40,"column":2},"end":{"line":40,"column":7}},"loc":{"start":{"line":40,"column":26},"end":{"line":57,"column":3}}},"3":{"name":"(anonymous_3)","decl":{"start":{"line":59,"column":2},"end":{"line":59,"column":7}},"loc":{"start":{"line":59,"column":53},"end":{"line":92,"column":3}}}},"branchMap":{"0":{"loc":{"start":{"line":22,"column":4},"end":{"line":22,"column":46}},"type":"if","locations":[{"start":{"line":22,"column":4},"end":{"line":22,"column":46}},{"start":{},"end":{}}]},"1":{"loc":{"start":{"line":23,"column":4},"end":{"line":23,"column":72}},"type":"if","locations":[{"start":{"line":23,"column":4},"end":{"line":23,"column":72}},{"start":{},"end":{}}]},"2":{"loc":{"start":{"line":55,"column":4},"end":{"line":55,"column":64}},"type":"if","locations":[{"start":{"line":55,"column":4},"end":{"line":55,"column":64}},{"start":{},"end":{}}]},"3":{"loc":{"start":{"line":61,"column":4},"end":{"line":61,"column":68}},"type":"if","locations":[{"start":{"line":61,"column":4},"end":{"line":61,"column":68}},{"start":{},"end":{}}]},"4":{"loc":{"start":{"line":64,"column":4},"end":{"line":71,"column":5}},"type":"if","locations":[{"start":{"line":64,"column":4},"end":{"line":71,"column":5}},{"start":{},"end":{}}]},"5":{"loc":{"start":{"line":64,"column":8},"end":{"line":64,"column":53}},"type":"binary-expr","locations":[{"start":{"line":64,"column":8},"end":{"line":64,"column":19}},{"start":{"line":64,"column":23},"end":{"line":64,"column":53}}]},"6":{"loc":{"start":{"line":68,"column":6},"end":{"line":70,"column":7}},"type":"if","locations":[{"start":{"line":68,"column":6},"end":{"line":70,"column":7}},{"start":{},"end":{}}]},"7":{"loc":{"start":{"line":74,"column":4},"end":{"line":74,"column":60}},"type":"if","locations":[{"start":{"line":74,"column":4},"end":{"line":74,"column":60}},{"start":{},"end":{}}]},"8":{"loc":{"start":{"line":75,"column":4},"end":{"line":75,"column":63}},"type":"if","locations":[{"start":{"line":75,"column":4},"end":{"line":75,"column":63}},{"start":{},"end":{}}]},"9":{"loc":{"start":{"line":76,"column":4},"end":{"line":76,"column":60}},"type":"if","locations":[{"start":{"line":76,"column":4},"end":{"line":76,"column":60}},{"start":{},"end":{}}]},"10":{"loc":{"start":{"line":77,"column":4},"end":{"line":77,"column":66}},"type":"if","locations":[{"start":{"line":77,"column":4},"end":{"line":77,"column":66}},{"start":{},"end":{}}]},"11":{"loc":{"start":{"line":78,"column":4},"end":{"line":78,"column":72}},"type":"if","locations":[{"start":{"line":78,"column":4},"end":{"line":78,"column":72}},{"start":{},"end":{}}]}},"s":{"0":1,"1":3,"2":1,"3":1,"4":0,"5":1,"6":0,"7":1,"8":1,"9":1,"10":1,"11":0,"12":1,"13":1,"14":0,"15":1,"16":1,"17":1,"18":1,"19":0,"20":0,"21":0,"22":0,"23":0,"24":0,"25":0,"26":0,"27":0,"28":0,"29":0,"30":0,"31":1},"f":{"0":3,"1":1,"2":1,"3":1},"b":{"0":[0,1],"1":[0,1],"2":[1,0],"3":[0,1],"4":[1,0],"5":[1,1],"6":[1,0],"7":[0,0],"8":[0,0],"9":[0,0],"10":[0,0],"11":[0,0]}}
}
