TN:
SF:services/document-service.ts
FN:26,(anonymous_0)
FN:28,(anonymous_1)
FN:48,(anonymous_2)
FN:64,(anonymous_3)
FN:87,(anonymous_4)
FN:123,(anonymous_5)
FNF:6
FNH:6
FNDA:5,(anonymous_0)
FNDA:1,(anonymous_1)
FNDA:1,(anonymous_2)
FNDA:1,(anonymous_3)
FNDA:1,(anonymous_4)
FNDA:1,(anonymous_5)
DA:2,1
DA:25,1
DA:26,5
DA:29,1
DA:49,1
DA:60,1
DA:61,0
DA:65,1
DA:66,1
DA:68,0
DA:69,0
DA:72,0
DA:88,1
DA:89,1
DA:92,1
DA:93,1
DA:103,1
DA:106,1
DA:107,1
DA:108,1
DA:109,1
DA:111,1
DA:113,1
DA:124,1
DA:125,1
DA:127,1
LF:26
LH:22
BRDA:31,0,0,1
BRDA:31,0,1,0
BRDA:32,1,0,1
BRDA:32,1,1,0
BRDA:60,2,0,1
BRDA:60,2,1,0
BRDA:65,3,0,1
BRDA:65,3,1,0
BRDA:65,4,0,0
BRDA:65,4,1,1
BRDA:65,5,0,1
BRDA:65,5,1,1
BRDA:68,6,0,0
BRDA:68,6,1,0
BRDA:68,7,0,0
BRDA:68,7,1,0
BRDA:68,8,0,0
BRDA:68,8,1,0
BRDA:74,9,0,0
BRDA:74,9,1,0
BRDA:74,10,0,0
BRDA:74,10,1,0
BRDA:89,11,0,0
BRDA:89,11,1,1
BRDA:92,12,0,1
BRDA:92,12,1,0
BRDA:92,13,0,1
BRDA:92,13,1,1
BRDA:106,14,0,0
BRDA:106,14,1,1
BRDA:107,15,0,1
BRDA:107,15,1,0
BRDA:111,16,0,0
BRDA:111,16,1,1
BRDA:125,17,0,0
BRDA:125,17,1,1
BRF:36
BRH:15
end_of_record
TN:
SF:services/errors.ts
FN:2,(anonymous_0)
FN:9,(anonymous_1)
FN:16,(anonymous_2)
FN:23,(anonymous_3)
FNF:4
FNH:2
FNDA:7,(anonymous_0)
FNDA:11,(anonymous_1)
FNDA:0,(anonymous_2)
FNDA:0,(anonymous_3)
DA:1,7
DA:3,7
DA:4,7
DA:8,7
DA:10,11
DA:11,11
DA:15,7
DA:17,0
DA:18,0
DA:22,7
DA:24,0
DA:25,0
LF:12
LH:8
BRDA:16,0,0,0
BRDA:23,1,0,0
BRF:2
BRH:0
end_of_record
TN:
SF:services/goal-service.ts
FN:24,(anonymous_0)
FN:26,(anonymous_1)
FN:41,(anonymous_2)
FN:59,(anonymous_3)
FN:84,(anonymous_4)
FN:103,(anonymous_5)
FNF:6
FNH:6
FNDA:5,(anonymous_0)
FNDA:1,(anonymous_1)
FNDA:1,(anonymous_2)
FNDA:2,(anonymous_3)
FNDA:1,(anonymous_4)
FNDA:1,(anonymous_5)
DA:2,1
DA:23,1
DA:24,5
DA:27,1
DA:42,1
DA:55,1
DA:56,1
DA:60,2
DA:61,1
DA:63,1
DA:64,1
DA:66,0
DA:67,0
DA:70,0
DA:85,1
DA:86,1
DA:88,0
DA:89,0
DA:90,0
DA:91,0
DA:92,0
DA:94,0
DA:104,1
DA:105,1
DA:107,1
LF:25
LH:16
BRDA:29,0,0,1
BRDA:29,0,1,1
BRDA:30,1,0,1
BRDA:30,1,1,0
BRDA:55,2,0,0
BRDA:55,2,1,1
BRDA:60,3,0,1
BRDA:60,3,1,1
BRDA:60,4,0,0
BRDA:60,4,1,2
BRDA:60,5,0,2
BRDA:60,5,1,2
BRDA:63,6,0,1
BRDA:63,6,1,0
BRDA:63,7,0,1
BRDA:63,7,1,0
BRDA:63,7,2,0
BRDA:66,8,0,0
BRDA:66,8,1,0
BRDA:66,9,0,0
BRDA:66,9,1,0
BRDA:66,10,0,0
BRDA:66,10,1,0
BRDA:75,11,0,0
BRDA:75,11,1,0
BRDA:75,12,0,0
BRDA:75,12,1,0
BRDA:86,13,0,1
BRDA:86,13,1,0
BRDA:89,14,0,0
BRDA:89,14,1,0
BRDA:90,15,0,0
BRDA:90,15,1,0
BRDA:91,16,0,0
BRDA:91,16,1,0
BRDA:92,17,0,0
BRDA:92,17,1,0
BRDA:105,18,0,0
BRDA:105,18,1,1
BRF:39
BRH:13
end_of_record
TN:
SF:services/kpi-service.ts
FN:30,(anonymous_0)
FN:32,(anonymous_1)
FN:57,(anonymous_2)
FN:82,(anonymous_3)
FN:104,(anonymous_4)
FN:120,(anonymous_5)
FN:126,(anonymous_6)
FN:132,(anonymous_7)
FN:149,(anonymous_8)
FN:151,(anonymous_9)
FNF:10
FNH:8
FNDA:5,(anonymous_0)
FNDA:1,(anonymous_1)
FNDA:0,(anonymous_2)
FNDA:2,(anonymous_3)
FNDA:0,(anonymous_4)
FNDA:1,(anonymous_5)
FNDA:1,(anonymous_6)
FNDA:1,(anonymous_7)
FNDA:2,(anonymous_8)
FNDA:2,(anonymous_9)
DA:2,1
DA:29,1
DA:30,5
DA:33,1
DA:34,1
DA:58,0
DA:78,0
DA:79,0
DA:83,2
DA:84,1
DA:86,1
DA:87,1
DA:90,0
DA:105,0
DA:106,0
DA:108,0
DA:109,0
DA:110,0
DA:111,0
DA:112,0
DA:113,0
DA:114,0
DA:115,0
DA:117,0
DA:121,1
DA:127,1
DA:133,1
DA:144,1
DA:146,1
DA:147,1
DA:148,1
DA:149,2
DA:150,1
DA:151,2
DA:154,1
DA:157,1
LF:36
LH:21
BRDA:33,0,0,1
BRDA:33,0,1,0
BRDA:33,1,0,1
BRDA:33,1,1,1
BRDA:78,2,0,0
BRDA:78,2,1,0
BRDA:83,3,0,1
BRDA:83,3,1,1
BRDA:83,4,0,0
BRDA:83,4,1,2
BRDA:83,5,0,2
BRDA:83,5,1,2
BRDA:86,6,0,1
BRDA:86,6,1,0
BRDA:95,7,0,0
BRDA:95,7,1,0
BRDA:95,8,0,0
BRDA:95,8,1,0
BRDA:97,9,0,0
BRDA:97,9,1,0
BRDA:97,10,0,0
BRDA:97,10,1,0
BRDA:98,11,0,0
BRDA:98,11,1,0
BRDA:98,12,0,0
BRDA:98,12,1,0
BRDA:106,13,0,0
BRDA:106,13,1,0
BRDA:109,14,0,0
BRDA:109,14,1,0
BRDA:110,15,0,0
BRDA:110,15,1,0
BRDA:111,16,0,0
BRDA:111,16,1,0
BRDA:112,17,0,0
BRDA:112,17,1,0
BRDA:113,18,0,0
BRDA:113,18,1,0
BRDA:114,19,0,0
BRDA:114,19,1,0
BRDA:115,20,0,0
BRDA:115,20,1,0
BRDA:120,21,0,1
BRDA:144,22,0,0
BRDA:144,22,1,1
BRDA:148,23,0,1
BRDA:148,23,1,0
BRDA:154,24,0,1
BRDA:154,24,1,0
BRF:49
BRH:13
end_of_record
TN:
SF:services/plan-service.ts
FN:33,(anonymous_0)
FN:35,(anonymous_1)
FN:51,(anonymous_2)
FN:72,(anonymous_3)
FN:89,(anonymous_4)
FN:106,(anonymous_5)
FN:126,(anonymous_6)
FNF:7
FNH:7
FNDA:6,(anonymous_0)
FNDA:1,(anonymous_1)
FNDA:1,(anonymous_2)
FNDA:3,(anonymous_3)
FNDA:1,(anonymous_4)
FNDA:1,(anonymous_5)
FNDA:1,(anonymous_6)
DA:2,1
DA:32,1
DA:33,6
DA:36,1
DA:52,1
DA:68,1
DA:69,1
DA:73,3
DA:74,1
DA:76,2
DA:77,1
DA:80,1
DA:89,1
DA:107,1
DA:108,1
DA:110,1
DA:111,1
DA:112,1
DA:113,1
DA:114,1
DA:116,1
DA:127,1
DA:128,1
DA:130,0
LF:24
LH:23
BRDA:37,0,0,1
BRDA:37,0,1,0
BRDA:68,1,0,0
BRDA:68,1,1,1
BRDA:73,2,0,1
BRDA:73,2,1,2
BRDA:73,3,0,0
BRDA:73,3,1,3
BRDA:73,4,0,3
BRDA:73,4,1,3
BRDA:76,5,0,1
BRDA:76,5,1,1
BRDA:76,6,0,2
BRDA:76,6,1,1
BRDA:84,7,0,0
BRDA:84,7,1,1
BRDA:84,8,0,1
BRDA:84,8,1,1
BRDA:85,9,0,0
BRDA:85,9,1,1
BRDA:85,10,0,1
BRDA:85,10,1,1
BRDA:87,11,0,1
BRDA:87,11,1,0
BRDA:87,12,0,0
BRDA:87,12,1,1
BRDA:87,13,0,1
BRDA:87,13,1,1
BRDA:92,14,0,0
BRDA:92,14,1,1
BRDA:93,15,0,0
BRDA:93,15,1,1
BRDA:93,16,0,1
BRDA:93,16,1,1
BRDA:94,17,0,0
BRDA:94,17,1,1
BRDA:94,18,0,1
BRDA:94,18,1,1
BRDA:108,19,0,0
BRDA:108,19,1,1
BRDA:111,20,0,1
BRDA:111,20,1,0
BRDA:112,21,0,0
BRDA:112,21,1,1
BRDA:113,22,0,0
BRDA:113,22,1,1
BRDA:114,23,0,0
BRDA:114,23,1,1
BRDA:128,24,0,1
BRDA:128,24,1,0
BRF:50
BRH:34
end_of_record
TN:
SF:services/task-service.ts
FN:50,(anonymous_0)
FN:52,(anonymous_1)
FN:81,(anonymous_2)
FN:116,(anonymous_3)
FN:151,(anonymous_4)
FN:186,(anonymous_5)
FN:208,(anonymous_6)
FNF:7
FNH:7
FNDA:13,(anonymous_0)
FNDA:4,(anonymous_1)
FNDA:2,(anonymous_2)
FNDA:2,(anonymous_3)
FNDA:2,(anonymous_4)
FNDA:2,(anonymous_5)
FNDA:1,(anonymous_6)
DA:2,1
DA:49,1
DA:50,13
DA:53,4
DA:55,4
DA:56,1
DA:61,4
DA:62,4
DA:63,4
DA:64,4
DA:66,4
DA:82,2
DA:112,2
DA:113,1
DA:117,2
DA:118,1
DA:121,1
DA:152,2
DA:153,2
DA:155,1
DA:156,1
DA:157,1
DA:158,1
DA:159,1
DA:160,1
DA:161,1
DA:162,1
DA:163,1
DA:164,1
DA:165,1
DA:166,1
DA:167,1
DA:168,1
DA:169,1
DA:170,1
DA:172,1
DA:183,1
DA:187,2
DA:196,2
DA:205,2
DA:209,1
LF:41
LH:41
BRDA:55,0,0,1
BRDA:55,0,1,3
BRDA:61,1,0,1
BRDA:61,1,1,3
BRDA:62,2,0,0
BRDA:62,2,1,4
BRDA:63,3,0,1
BRDA:63,3,1,3
BRDA:64,4,0,0
BRDA:64,4,1,4
BRDA:112,5,0,1
BRDA:112,5,1,1
BRDA:117,6,0,1
BRDA:117,6,1,1
BRDA:117,7,0,0
BRDA:117,7,1,2
BRDA:117,8,0,2
BRDA:117,8,1,2
BRDA:125,9,0,0
BRDA:125,9,1,1
BRDA:125,10,0,1
BRDA:125,10,1,1
BRDA:126,11,0,0
BRDA:126,11,1,1
BRDA:126,12,0,1
BRDA:126,12,1,1
BRDA:127,13,0,0
BRDA:127,13,1,1
BRDA:127,14,0,1
BRDA:127,14,1,1
BRDA:128,15,0,0
BRDA:128,15,1,1
BRDA:128,16,0,1
BRDA:128,16,1,1
BRDA:129,17,0,0
BRDA:129,17,1,1
BRDA:129,18,0,1
BRDA:129,18,1,1
BRDA:131,19,0,0
BRDA:131,19,1,1
BRDA:131,20,0,1
BRDA:131,20,1,1
BRDA:132,21,0,0
BRDA:132,21,1,1
BRDA:133,22,0,0
BRDA:133,22,1,1
BRDA:134,23,0,0
BRDA:134,23,1,1
BRDA:134,24,0,1
BRDA:134,24,1,1
BRDA:135,25,0,0
BRDA:135,25,1,1
BRDA:135,26,0,1
BRDA:135,26,1,1
BRDA:137,27,0,0
BRDA:137,27,1,1
BRDA:137,28,0,1
BRDA:137,28,1,1
BRDA:140,29,0,0
BRDA:140,29,1,1
BRDA:140,30,0,1
BRDA:140,30,1,1
BRDA:141,31,0,0
BRDA:141,31,1,1
BRDA:141,32,0,1
BRDA:141,32,1,1
BRDA:153,33,0,1
BRDA:153,33,1,1
BRDA:156,34,0,1
BRDA:156,34,1,0
BRDA:157,35,0,0
BRDA:157,35,1,1
BRDA:158,36,0,0
BRDA:158,36,1,1
BRDA:159,37,0,0
BRDA:159,37,1,1
BRDA:160,38,0,0
BRDA:160,38,1,1
BRDA:161,39,0,0
BRDA:161,39,1,1
BRDA:161,40,0,0
BRDA:161,40,1,0
BRDA:161,41,0,0
BRDA:161,41,1,0
BRDA:162,42,0,0
BRDA:162,42,1,1
BRDA:162,43,0,0
BRDA:162,43,1,0
BRDA:162,44,0,0
BRDA:162,44,1,0
BRDA:163,45,0,0
BRDA:163,45,1,1
BRDA:163,46,0,0
BRDA:163,46,1,0
BRDA:163,47,0,0
BRDA:163,47,1,0
BRDA:164,48,0,0
BRDA:164,48,1,1
BRDA:164,49,0,0
BRDA:164,49,1,0
BRDA:165,50,0,0
BRDA:165,50,1,1
BRDA:165,51,0,0
BRDA:165,51,1,0
BRDA:166,52,0,0
BRDA:166,52,1,1
BRDA:166,53,0,0
BRDA:166,53,1,0
BRDA:166,54,0,0
BRDA:166,54,1,0
BRDA:167,55,0,0
BRDA:167,55,1,1
BRDA:168,56,0,0
BRDA:168,56,1,1
BRDA:169,57,0,0
BRDA:169,57,1,1
BRDA:170,58,0,0
BRDA:170,58,1,1
BRF:118
BRH:67
end_of_record
TN:
SF:services/time-entry-service.ts
FN:33,(anonymous_0)
FN:35,(anonymous_1)
FN:56,(anonymous_2)
FN:80,(anonymous_3)
FN:100,(anonymous_4)
FN:107,(anonymous_5)
FN:110,(anonymous_6)
FN:111,(anonymous_7)
FNF:8
FNH:8
FNDA:5,(anonymous_0)
FNDA:2,(anonymous_1)
FNDA:2,(anonymous_2)
FNDA:1,(anonymous_3)
FNDA:1,(anonymous_4)
FNDA:1,(anonymous_5)
FNDA:2,(anonymous_6)
FNDA:2,(anonymous_7)
DA:2,1
DA:32,1
DA:33,5
DA:36,2
DA:37,2
DA:38,2
DA:39,2
DA:40,0
DA:46,2
DA:57,2
DA:58,1
DA:60,1
DA:61,1
DA:64,0
DA:81,1
DA:82,1
DA:84,0
DA:85,0
DA:86,0
DA:87,0
DA:88,0
DA:90,0
DA:101,1
DA:102,1
DA:104,1
DA:108,1
DA:110,2
DA:111,1
DA:112,2
DA:113,2
DA:116,1
LF:31
LH:23
BRDA:37,0,0,2
BRDA:37,0,1,0
BRDA:38,1,0,0
BRDA:38,1,1,2
BRDA:39,2,0,0
BRDA:39,2,1,2
BRDA:39,3,0,2
BRDA:39,3,1,2
BRDA:41,4,0,0
BRDA:41,4,1,0
BRDA:42,5,0,0
BRDA:42,5,1,0
BRDA:57,6,0,1
BRDA:57,6,1,1
BRDA:57,7,0,0
BRDA:57,7,1,2
BRDA:57,8,0,2
BRDA:57,8,1,2
BRDA:60,9,0,1
BRDA:60,9,1,0
BRDA:60,10,0,1
BRDA:60,10,1,0
BRDA:66,11,0,0
BRDA:66,11,1,0
BRDA:66,12,0,0
BRDA:66,12,1,0
BRDA:71,13,0,0
BRDA:71,13,1,0
BRDA:71,14,0,0
BRDA:71,14,1,0
BRDA:82,15,0,1
BRDA:82,15,1,0
BRDA:85,16,0,0
BRDA:85,16,1,0
BRDA:86,17,0,0
BRDA:86,17,1,0
BRDA:87,18,0,0
BRDA:87,18,1,0
BRDA:88,19,0,0
BRDA:88,19,1,0
BRDA:102,20,0,0
BRDA:102,20,1,1
BRDA:112,21,0,0
BRDA:112,21,1,2
BRDA:112,22,0,2
BRDA:112,22,1,2
BRF:46
BRH:17
end_of_record
TN:
SF:services/user-service.ts
FN:18,(anonymous_0)
FN:20,(anonymous_1)
FN:40,(anonymous_2)
FN:59,(anonymous_3)
FNF:4
FNH:4
FNDA:3,(anonymous_0)
FNDA:1,(anonymous_1)
FNDA:1,(anonymous_2)
FNDA:1,(anonymous_3)
DA:2,1
DA:17,1
DA:18,3
DA:21,1
DA:22,1
DA:23,1
DA:25,1
DA:41,1
DA:55,1
DA:56,0
DA:60,1
DA:61,1
DA:64,1
DA:65,1
DA:68,1
DA:69,1
DA:73,0
DA:74,0
DA:75,0
DA:76,0
DA:77,0
DA:78,0
DA:80,0
LF:23
LH:15
BRDA:22,0,0,0
BRDA:22,0,1,1
BRDA:23,1,0,0
BRDA:23,1,1,1
BRDA:55,2,0,1
BRDA:55,2,1,0
BRDA:61,3,0,0
BRDA:61,3,1,1
BRDA:64,4,0,1
BRDA:64,4,1,0
BRDA:64,5,0,1
BRDA:64,5,1,1
BRDA:68,6,0,1
BRDA:68,6,1,0
BRDA:74,7,0,0
BRDA:74,7,1,0
BRDA:75,8,0,0
BRDA:75,8,1,0
BRDA:76,9,0,0
BRDA:76,9,1,0
BRDA:77,10,0,0
BRDA:77,10,1,0
BRDA:78,11,0,0
BRDA:78,11,1,0
BRF:24
BRH:8
end_of_record
